[2026-02-10T21:48:09.004+0000] {local_task_job_runner.py:120} INFO - ::group::Pre task execution logs
[2026-02-10T21:48:09.033+0000] {taskinstance.py:2076} INFO - Dependencies all met for dep_context=non-requeueable deps ti=<TaskInstance: minio_to_snowflake_banking.load_snowflake scheduled__2026-02-10T21:37:00+00:00 [queued]>
[2026-02-10T21:48:09.045+0000] {taskinstance.py:2076} INFO - Dependencies all met for dep_context=requeueable deps ti=<TaskInstance: minio_to_snowflake_banking.load_snowflake scheduled__2026-02-10T21:37:00+00:00 [queued]>
[2026-02-10T21:48:09.046+0000] {taskinstance.py:2306} INFO - Starting attempt 2 of 2
[2026-02-10T21:48:09.059+0000] {taskinstance.py:2330} INFO - Executing <Task(PythonOperator): load_snowflake> on 2026-02-10 21:37:00+00:00
[2026-02-10T21:48:09.069+0000] {standard_task_runner.py:90} INFO - Running: ['***', 'tasks', 'run', 'minio_to_snowflake_banking', 'load_snowflake', 'scheduled__2026-02-10T21:37:00+00:00', '--job-id', '89', '--raw', '--subdir', 'DAGS_FOLDER/minio_to_snowflake_dag.py', '--cfg-path', '/tmp/tmpevb2lr1x']
[2026-02-10T21:48:09.073+0000] {standard_task_runner.py:91} INFO - Job 89: Subtask load_snowflake
[2026-02-10T21:48:09.072+0000] {logging_mixin.py:188} WARNING - /home/***/.local/lib/python3.12/site-packages/***/task/task_runner/standard_task_runner.py:62 DeprecationWarning: This process (pid=1525) is multi-threaded, use of fork() may lead to deadlocks in the child.
[2026-02-10T21:48:09.074+0000] {standard_task_runner.py:64} INFO - Started process 1550 to run task
[2026-02-10T21:48:09.163+0000] {task_command.py:426} INFO - Running <TaskInstance: minio_to_snowflake_banking.load_snowflake scheduled__2026-02-10T21:37:00+00:00 [running]> on host f0a140ed2a8b
[2026-02-10T21:48:09.254+0000] {taskinstance.py:2648} INFO - Exporting env vars: AIRFLOW_CTX_DAG_OWNER='***' AIRFLOW_CTX_DAG_ID='minio_to_snowflake_banking' AIRFLOW_CTX_TASK_ID='load_snowflake' AIRFLOW_CTX_EXECUTION_DATE='2026-02-10T21:37:00+00:00' AIRFLOW_CTX_TRY_NUMBER='2' AIRFLOW_CTX_DAG_RUN_ID='scheduled__2026-02-10T21:37:00+00:00'
[2026-02-10T21:48:09.256+0000] {taskinstance.py:430} INFO - ::endgroup::
[2026-02-10T21:48:09.283+0000] {connection.py:611} INFO - Snowflake Connector for Python Version: 4.2.0, Python Version: 3.12.4, Platform: Linux-6.6.87.2-microsoft-standard-WSL2-x86_64-with-glibc2.36
[2026-02-10T21:48:09.286+0000] {connection.py:1695} INFO - Connecting to GLOBAL Snowflake domain
[2026-02-10T21:48:11.021+0000] {logging_mixin.py:188} INFO - Uploaded /tmp/minio_downloads/customers_143600462546.parquet -> @customers stage
[2026-02-10T21:48:11.247+0000] {logging_mixin.py:188} INFO - Uploaded /tmp/minio_downloads/customers_143600602074.parquet -> @customers stage
[2026-02-10T21:48:11.464+0000] {logging_mixin.py:188} INFO - Uploaded /tmp/minio_downloads/customers_143600771751.parquet -> @customers stage
[2026-02-10T21:48:11.690+0000] {logging_mixin.py:188} INFO - Uploaded /tmp/minio_downloads/customers_143600908509.parquet -> @customers stage
[2026-02-10T21:48:11.937+0000] {logging_mixin.py:188} INFO - Uploaded /tmp/minio_downloads/customers_143601055323.parquet -> @customers stage
[2026-02-10T21:48:12.154+0000] {logging_mixin.py:188} INFO - Uploaded /tmp/minio_downloads/customers_143601187796.parquet -> @customers stage
[2026-02-10T21:48:12.364+0000] {logging_mixin.py:188} INFO - Uploaded /tmp/minio_downloads/customers_143601346724.parquet -> @customers stage
[2026-02-10T21:48:12.555+0000] {logging_mixin.py:188} INFO - Uploaded /tmp/minio_downloads/customers_143604973951.parquet -> @customers stage
[2026-02-10T21:48:12.789+0000] {logging_mixin.py:188} INFO - Uploaded /tmp/minio_downloads/customers_143605095369.parquet -> @customers stage
[2026-02-10T21:48:12.955+0000] {logging_mixin.py:188} INFO - Uploaded /tmp/minio_downloads/customers_143605228367.parquet -> @customers stage
[2026-02-10T21:48:13.165+0000] {logging_mixin.py:188} INFO - Uploaded /tmp/minio_downloads/customers_143605340396.parquet -> @customers stage
[2026-02-10T21:48:13.413+0000] {logging_mixin.py:188} INFO - Uploaded /tmp/minio_downloads/customers_143605446187.parquet -> @customers stage
[2026-02-10T21:48:13.582+0000] {logging_mixin.py:188} INFO - Uploaded /tmp/minio_downloads/customers_143605560574.parquet -> @customers stage
[2026-02-10T21:48:13.742+0000] {logging_mixin.py:188} INFO - Uploaded /tmp/minio_downloads/customers_143605712366.parquet -> @customers stage
[2026-02-10T21:48:13.931+0000] {logging_mixin.py:188} INFO - Uploaded /tmp/minio_downloads/customers_143609435009.parquet -> @customers stage
[2026-02-10T21:48:14.103+0000] {logging_mixin.py:188} INFO - Uploaded /tmp/minio_downloads/customers_143609572388.parquet -> @customers stage
[2026-02-10T21:48:14.256+0000] {logging_mixin.py:188} INFO - Uploaded /tmp/minio_downloads/customers_143609725024.parquet -> @customers stage
[2026-02-10T21:48:14.459+0000] {logging_mixin.py:188} INFO - Uploaded /tmp/minio_downloads/customers_143609859316.parquet -> @customers stage
[2026-02-10T21:48:14.652+0000] {logging_mixin.py:188} INFO - Uploaded /tmp/minio_downloads/customers_143610019745.parquet -> @customers stage
[2026-02-10T21:48:14.856+0000] {logging_mixin.py:188} INFO - Uploaded /tmp/minio_downloads/customers_143610165772.parquet -> @customers stage
[2026-02-10T21:48:15.015+0000] {logging_mixin.py:188} INFO - Uploaded /tmp/minio_downloads/customers_143610301645.parquet -> @customers stage
[2026-02-10T21:48:15.183+0000] {logging_mixin.py:188} INFO - Uploaded /tmp/minio_downloads/customers_143613870880.parquet -> @customers stage
[2026-02-10T21:48:15.361+0000] {logging_mixin.py:188} INFO - Uploaded /tmp/minio_downloads/customers_143613978301.parquet -> @customers stage
[2026-02-10T21:48:15.523+0000] {logging_mixin.py:188} INFO - Uploaded /tmp/minio_downloads/customers_143614106187.parquet -> @customers stage
[2026-02-10T21:48:15.675+0000] {logging_mixin.py:188} INFO - Uploaded /tmp/minio_downloads/customers_143614241552.parquet -> @customers stage
[2026-02-10T21:48:15.845+0000] {logging_mixin.py:188} INFO - Uploaded /tmp/minio_downloads/customers_143614342313.parquet -> @customers stage
[2026-02-10T21:48:15.990+0000] {logging_mixin.py:188} INFO - Uploaded /tmp/minio_downloads/customers_143614471506.parquet -> @customers stage
[2026-02-10T21:48:16.149+0000] {logging_mixin.py:188} INFO - Uploaded /tmp/minio_downloads/customers_143614580415.parquet -> @customers stage
[2026-02-10T21:48:16.298+0000] {logging_mixin.py:188} INFO - Uploaded /tmp/minio_downloads/customers_143619249487.parquet -> @customers stage
[2026-02-10T21:48:16.460+0000] {logging_mixin.py:188} INFO - Uploaded /tmp/minio_downloads/customers_143619426867.parquet -> @customers stage
[2026-02-10T21:48:16.610+0000] {logging_mixin.py:188} INFO - Uploaded /tmp/minio_downloads/customers_143619575933.parquet -> @customers stage
[2026-02-10T21:48:16.771+0000] {logging_mixin.py:188} INFO - Uploaded /tmp/minio_downloads/customers_143619769194.parquet -> @customers stage
[2026-02-10T21:48:16.931+0000] {logging_mixin.py:188} INFO - Uploaded /tmp/minio_downloads/customers_143619924079.parquet -> @customers stage
[2026-02-10T21:48:17.079+0000] {logging_mixin.py:188} INFO - Uploaded /tmp/minio_downloads/customers_143620118543.parquet -> @customers stage
[2026-02-10T21:48:17.231+0000] {logging_mixin.py:188} INFO - Uploaded /tmp/minio_downloads/customers_143620264809.parquet -> @customers stage
[2026-02-10T21:48:17.394+0000] {logging_mixin.py:188} INFO - Uploaded /tmp/minio_downloads/customers_143625430641.parquet -> @customers stage
[2026-02-10T21:48:17.574+0000] {logging_mixin.py:188} INFO - Uploaded /tmp/minio_downloads/customers_143625596207.parquet -> @customers stage
[2026-02-10T21:48:17.741+0000] {logging_mixin.py:188} INFO - Uploaded /tmp/minio_downloads/customers_143625745784.parquet -> @customers stage
[2026-02-10T21:48:17.906+0000] {logging_mixin.py:188} INFO - Uploaded /tmp/minio_downloads/customers_143625880427.parquet -> @customers stage
[2026-02-10T21:48:18.066+0000] {logging_mixin.py:188} INFO - Uploaded /tmp/minio_downloads/customers_143626036712.parquet -> @customers stage
[2026-02-10T21:48:18.397+0000] {logging_mixin.py:188} INFO - Uploaded /tmp/minio_downloads/customers_143626253322.parquet -> @customers stage
[2026-02-10T21:48:18.593+0000] {logging_mixin.py:188} INFO - Uploaded /tmp/minio_downloads/customers_143626379633.parquet -> @customers stage
[2026-02-10T21:48:18.757+0000] {logging_mixin.py:188} INFO - Uploaded /tmp/minio_downloads/customers_143631165169.parquet -> @customers stage
[2026-02-10T21:48:18.920+0000] {logging_mixin.py:188} INFO - Uploaded /tmp/minio_downloads/customers_143631297551.parquet -> @customers stage
[2026-02-10T21:48:19.073+0000] {logging_mixin.py:188} INFO - Uploaded /tmp/minio_downloads/customers_143631532985.parquet -> @customers stage
[2026-02-10T21:48:19.243+0000] {logging_mixin.py:188} INFO - Uploaded /tmp/minio_downloads/customers_143631668502.parquet -> @customers stage
[2026-02-10T21:48:19.395+0000] {logging_mixin.py:188} INFO - Uploaded /tmp/minio_downloads/customers_143631799488.parquet -> @customers stage
[2026-02-10T21:48:19.547+0000] {logging_mixin.py:188} INFO - Uploaded /tmp/minio_downloads/customers_143631947409.parquet -> @customers stage
[2026-02-10T21:48:19.924+0000] {logging_mixin.py:188} INFO - Uploaded /tmp/minio_downloads/customers_143632106420.parquet -> @customers stage
[2026-02-10T21:48:20.092+0000] {logging_mixin.py:188} INFO - Uploaded /tmp/minio_downloads/customers_143636853891.parquet -> @customers stage
[2026-02-10T21:48:20.239+0000] {logging_mixin.py:188} INFO - Uploaded /tmp/minio_downloads/customers_143636974156.parquet -> @customers stage
[2026-02-10T21:48:20.393+0000] {logging_mixin.py:188} INFO - Uploaded /tmp/minio_downloads/customers_143637178167.parquet -> @customers stage
[2026-02-10T21:48:20.549+0000] {logging_mixin.py:188} INFO - Uploaded /tmp/minio_downloads/customers_143637283781.parquet -> @customers stage
[2026-02-10T21:48:20.715+0000] {logging_mixin.py:188} INFO - Uploaded /tmp/minio_downloads/customers_143637406984.parquet -> @customers stage
[2026-02-10T21:48:20.869+0000] {logging_mixin.py:188} INFO - Uploaded /tmp/minio_downloads/customers_143637545089.parquet -> @customers stage
[2026-02-10T21:48:21.027+0000] {logging_mixin.py:188} INFO - Uploaded /tmp/minio_downloads/customers_143637731592.parquet -> @customers stage
[2026-02-10T21:48:21.183+0000] {logging_mixin.py:188} INFO - Uploaded /tmp/minio_downloads/customers_143642571727.parquet -> @customers stage
[2026-02-10T21:48:21.340+0000] {logging_mixin.py:188} INFO - Uploaded /tmp/minio_downloads/customers_143642713671.parquet -> @customers stage
[2026-02-10T21:48:21.493+0000] {logging_mixin.py:188} INFO - Uploaded /tmp/minio_downloads/customers_143642854201.parquet -> @customers stage
[2026-02-10T21:48:21.651+0000] {logging_mixin.py:188} INFO - Uploaded /tmp/minio_downloads/customers_143642966814.parquet -> @customers stage
[2026-02-10T21:48:21.874+0000] {logging_mixin.py:188} INFO - Uploaded /tmp/minio_downloads/customers_143643162627.parquet -> @customers stage
[2026-02-10T21:48:22.026+0000] {logging_mixin.py:188} INFO - Uploaded /tmp/minio_downloads/customers_143643313919.parquet -> @customers stage
[2026-02-10T21:48:22.251+0000] {logging_mixin.py:188} INFO - Uploaded /tmp/minio_downloads/customers_143643497105.parquet -> @customers stage
[2026-02-10T21:48:22.435+0000] {logging_mixin.py:188} INFO - Uploaded /tmp/minio_downloads/customers_143648814293.parquet -> @customers stage
[2026-02-10T21:48:22.996+0000] {logging_mixin.py:188} INFO - Uploaded /tmp/minio_downloads/customers_143648956100.parquet -> @customers stage
[2026-02-10T21:48:23.162+0000] {logging_mixin.py:188} INFO - Uploaded /tmp/minio_downloads/customers_143649087925.parquet -> @customers stage
[2026-02-10T21:48:23.330+0000] {logging_mixin.py:188} INFO - Uploaded /tmp/minio_downloads/customers_143649217435.parquet -> @customers stage
[2026-02-10T21:48:23.492+0000] {logging_mixin.py:188} INFO - Uploaded /tmp/minio_downloads/customers_143649349194.parquet -> @customers stage
[2026-02-10T21:48:23.637+0000] {logging_mixin.py:188} INFO - Uploaded /tmp/minio_downloads/customers_143649479108.parquet -> @customers stage
[2026-02-10T21:48:24.249+0000] {logging_mixin.py:188} INFO - Uploaded /tmp/minio_downloads/customers_143649663453.parquet -> @customers stage
[2026-02-10T21:48:24.410+0000] {logging_mixin.py:188} INFO - Uploaded /tmp/minio_downloads/customers_143650108605.parquet -> @customers stage
[2026-02-10T21:48:24.561+0000] {logging_mixin.py:188} INFO - Uploaded /tmp/minio_downloads/customers_143654722326.parquet -> @customers stage
[2026-02-10T21:48:24.713+0000] {logging_mixin.py:188} INFO - Uploaded /tmp/minio_downloads/customers_143654844487.parquet -> @customers stage
[2026-02-10T21:48:24.875+0000] {logging_mixin.py:188} INFO - Uploaded /tmp/minio_downloads/customers_143654958161.parquet -> @customers stage
[2026-02-10T21:48:25.022+0000] {logging_mixin.py:188} INFO - Uploaded /tmp/minio_downloads/customers_143655063111.parquet -> @customers stage
[2026-02-10T21:48:25.174+0000] {logging_mixin.py:188} INFO - Uploaded /tmp/minio_downloads/customers_143655207109.parquet -> @customers stage
[2026-02-10T21:48:25.343+0000] {logging_mixin.py:188} INFO - Uploaded /tmp/minio_downloads/customers_143655354015.parquet -> @customers stage
[2026-02-10T21:48:25.503+0000] {logging_mixin.py:188} INFO - Uploaded /tmp/minio_downloads/customers_143655466879.parquet -> @customers stage
[2026-02-10T21:48:25.650+0000] {logging_mixin.py:188} INFO - Uploaded /tmp/minio_downloads/customers_143658636030.parquet -> @customers stage
[2026-02-10T21:48:25.801+0000] {logging_mixin.py:188} INFO - Uploaded /tmp/minio_downloads/customers_143658729775.parquet -> @customers stage
[2026-02-10T21:48:25.960+0000] {logging_mixin.py:188} INFO - Uploaded /tmp/minio_downloads/customers_143658823120.parquet -> @customers stage
[2026-02-10T21:48:26.370+0000] {logging_mixin.py:188} INFO - Uploaded /tmp/minio_downloads/customers_143658914630.parquet -> @customers stage
[2026-02-10T21:48:26.549+0000] {logging_mixin.py:188} INFO - Uploaded /tmp/minio_downloads/customers_143659003914.parquet -> @customers stage
[2026-02-10T21:48:26.705+0000] {logging_mixin.py:188} INFO - Uploaded /tmp/minio_downloads/customers_143659105037.parquet -> @customers stage
[2026-02-10T21:48:26.861+0000] {logging_mixin.py:188} INFO - Uploaded /tmp/minio_downloads/customers_143659196772.parquet -> @customers stage
[2026-02-10T21:48:27.027+0000] {logging_mixin.py:188} INFO - Uploaded /tmp/minio_downloads/customers_143702333301.parquet -> @customers stage
[2026-02-10T21:48:27.176+0000] {logging_mixin.py:188} INFO - Uploaded /tmp/minio_downloads/customers_143702441526.parquet -> @customers stage
[2026-02-10T21:48:27.356+0000] {logging_mixin.py:188} INFO - Uploaded /tmp/minio_downloads/customers_143702544444.parquet -> @customers stage
[2026-02-10T21:48:27.517+0000] {logging_mixin.py:188} INFO - Uploaded /tmp/minio_downloads/customers_143702655784.parquet -> @customers stage
[2026-02-10T21:48:27.675+0000] {logging_mixin.py:188} INFO - Uploaded /tmp/minio_downloads/customers_143702759220.parquet -> @customers stage
[2026-02-10T21:48:27.846+0000] {logging_mixin.py:188} INFO - Uploaded /tmp/minio_downloads/customers_160534140704.parquet -> @customers stage
[2026-02-10T21:48:28.011+0000] {logging_mixin.py:188} INFO - Uploaded /tmp/minio_downloads/customers_161752348348.parquet -> @customers stage
[2026-02-10T21:48:28.597+0000] {logging_mixin.py:188} INFO - Data loaded into customers
[2026-02-10T21:48:28.779+0000] {logging_mixin.py:188} INFO - Uploaded /tmp/minio_downloads/accounts_143558454962.parquet -> @accounts stage
[2026-02-10T21:48:28.970+0000] {logging_mixin.py:188} INFO - Uploaded /tmp/minio_downloads/accounts_143558727348.parquet -> @accounts stage
[2026-02-10T21:48:29.180+0000] {logging_mixin.py:188} INFO - Uploaded /tmp/minio_downloads/accounts_143558873058.parquet -> @accounts stage
[2026-02-10T21:48:29.375+0000] {logging_mixin.py:188} INFO - Uploaded /tmp/minio_downloads/accounts_143559006571.parquet -> @accounts stage
[2026-02-10T21:48:29.586+0000] {logging_mixin.py:188} INFO - Uploaded /tmp/minio_downloads/accounts_143559121971.parquet -> @accounts stage
[2026-02-10T21:48:29.794+0000] {logging_mixin.py:188} INFO - Uploaded /tmp/minio_downloads/accounts_143559240993.parquet -> @accounts stage
[2026-02-10T21:48:29.990+0000] {logging_mixin.py:188} INFO - Uploaded /tmp/minio_downloads/accounts_143601684124.parquet -> @accounts stage
[2026-02-10T21:48:30.385+0000] {logging_mixin.py:188} INFO - Uploaded /tmp/minio_downloads/accounts_143601815698.parquet -> @accounts stage
[2026-02-10T21:48:30.965+0000] {logging_mixin.py:188} INFO - Uploaded /tmp/minio_downloads/accounts_143601934084.parquet -> @accounts stage
[2026-02-10T21:48:31.123+0000] {logging_mixin.py:188} INFO - Uploaded /tmp/minio_downloads/accounts_143602060155.parquet -> @accounts stage
[2026-02-10T21:48:31.380+0000] {logging_mixin.py:188} INFO - Uploaded /tmp/minio_downloads/accounts_143602175890.parquet -> @accounts stage
[2026-02-10T21:48:31.562+0000] {logging_mixin.py:188} INFO - Uploaded /tmp/minio_downloads/accounts_143602287390.parquet -> @accounts stage
[2026-02-10T21:48:31.730+0000] {logging_mixin.py:188} INFO - Uploaded /tmp/minio_downloads/accounts_143602404082.parquet -> @accounts stage
[2026-02-10T21:48:31.944+0000] {logging_mixin.py:188} INFO - Uploaded /tmp/minio_downloads/accounts_143602985619.parquet -> @accounts stage
[2026-02-10T21:48:32.102+0000] {logging_mixin.py:188} INFO - Uploaded /tmp/minio_downloads/accounts_143603137521.parquet -> @accounts stage
[2026-02-10T21:48:32.297+0000] {logging_mixin.py:188} INFO - Uploaded /tmp/minio_downloads/accounts_143603293793.parquet -> @accounts stage
[2026-02-10T21:48:32.470+0000] {logging_mixin.py:188} INFO - Uploaded /tmp/minio_downloads/accounts_143603421662.parquet -> @accounts stage
[2026-02-10T21:48:32.634+0000] {logging_mixin.py:188} INFO - Uploaded /tmp/minio_downloads/accounts_143603546680.parquet -> @accounts stage
[2026-02-10T21:48:32.794+0000] {logging_mixin.py:188} INFO - Uploaded /tmp/minio_downloads/accounts_143603682204.parquet -> @accounts stage
[2026-02-10T21:48:32.954+0000] {logging_mixin.py:188} INFO - Uploaded /tmp/minio_downloads/accounts_143603789050.parquet -> @accounts stage
[2026-02-10T21:48:33.127+0000] {logging_mixin.py:188} INFO - Uploaded /tmp/minio_downloads/accounts_143606104091.parquet -> @accounts stage
[2026-02-10T21:48:33.297+0000] {logging_mixin.py:188} INFO - Uploaded /tmp/minio_downloads/accounts_143606222733.parquet -> @accounts stage
[2026-02-10T21:48:33.456+0000] {logging_mixin.py:188} INFO - Uploaded /tmp/minio_downloads/accounts_143606328425.parquet -> @accounts stage
[2026-02-10T21:48:33.615+0000] {logging_mixin.py:188} INFO - Uploaded /tmp/minio_downloads/accounts_143606441779.parquet -> @accounts stage
[2026-02-10T21:48:33.822+0000] {logging_mixin.py:188} INFO - Uploaded /tmp/minio_downloads/accounts_143606588427.parquet -> @accounts stage
[2026-02-10T21:48:33.984+0000] {logging_mixin.py:188} INFO - Uploaded /tmp/minio_downloads/accounts_143606711414.parquet -> @accounts stage
[2026-02-10T21:48:34.123+0000] {logging_mixin.py:188} INFO - Uploaded /tmp/minio_downloads/accounts_143607284547.parquet -> @accounts stage
[2026-02-10T21:48:34.323+0000] {logging_mixin.py:188} INFO - Uploaded /tmp/minio_downloads/accounts_143607393268.parquet -> @accounts stage
[2026-02-10T21:48:34.496+0000] {logging_mixin.py:188} INFO - Uploaded /tmp/minio_downloads/accounts_143607517805.parquet -> @accounts stage
[2026-02-10T21:48:34.669+0000] {logging_mixin.py:188} INFO - Uploaded /tmp/minio_downloads/accounts_143607636983.parquet -> @accounts stage
[2026-02-10T21:48:34.829+0000] {logging_mixin.py:188} INFO - Uploaded /tmp/minio_downloads/accounts_143607727007.parquet -> @accounts stage
[2026-02-10T21:48:34.984+0000] {logging_mixin.py:188} INFO - Uploaded /tmp/minio_downloads/accounts_143607838206.parquet -> @accounts stage
[2026-02-10T21:48:35.132+0000] {logging_mixin.py:188} INFO - Uploaded /tmp/minio_downloads/accounts_143607986140.parquet -> @accounts stage
[2026-02-10T21:48:35.333+0000] {logging_mixin.py:188} INFO - Uploaded /tmp/minio_downloads/accounts_143610661629.parquet -> @accounts stage
[2026-02-10T21:48:35.508+0000] {logging_mixin.py:188} INFO - Uploaded /tmp/minio_downloads/accounts_143610771360.parquet -> @accounts stage
[2026-02-10T21:48:35.692+0000] {logging_mixin.py:188} INFO - Uploaded /tmp/minio_downloads/accounts_143610869890.parquet -> @accounts stage
[2026-02-10T21:48:35.838+0000] {logging_mixin.py:188} INFO - Uploaded /tmp/minio_downloads/accounts_143610975411.parquet -> @accounts stage
[2026-02-10T21:48:36.004+0000] {logging_mixin.py:188} INFO - Uploaded /tmp/minio_downloads/accounts_143611090730.parquet -> @accounts stage
[2026-02-10T21:48:36.151+0000] {logging_mixin.py:188} INFO - Uploaded /tmp/minio_downloads/accounts_143611223368.parquet -> @accounts stage
[2026-02-10T21:48:36.301+0000] {logging_mixin.py:188} INFO - Uploaded /tmp/minio_downloads/accounts_143611340618.parquet -> @accounts stage
[2026-02-10T21:48:36.448+0000] {logging_mixin.py:188} INFO - Uploaded /tmp/minio_downloads/accounts_143611903760.parquet -> @accounts stage
[2026-02-10T21:48:36.599+0000] {logging_mixin.py:188} INFO - Uploaded /tmp/minio_downloads/accounts_143612051143.parquet -> @accounts stage
[2026-02-10T21:48:36.753+0000] {logging_mixin.py:188} INFO - Uploaded /tmp/minio_downloads/accounts_143612163875.parquet -> @accounts stage
[2026-02-10T21:48:36.912+0000] {logging_mixin.py:188} INFO - Uploaded /tmp/minio_downloads/accounts_143612287845.parquet -> @accounts stage
[2026-02-10T21:48:37.067+0000] {logging_mixin.py:188} INFO - Uploaded /tmp/minio_downloads/accounts_143612384686.parquet -> @accounts stage
[2026-02-10T21:48:37.224+0000] {logging_mixin.py:188} INFO - Uploaded /tmp/minio_downloads/accounts_143612500792.parquet -> @accounts stage
[2026-02-10T21:48:37.362+0000] {logging_mixin.py:188} INFO - Uploaded /tmp/minio_downloads/accounts_143614948730.parquet -> @accounts stage
[2026-02-10T21:48:37.509+0000] {logging_mixin.py:188} INFO - Uploaded /tmp/minio_downloads/accounts_143615085138.parquet -> @accounts stage
[2026-02-10T21:48:37.653+0000] {logging_mixin.py:188} INFO - Uploaded /tmp/minio_downloads/accounts_143615235090.parquet -> @accounts stage
[2026-02-10T21:48:37.792+0000] {logging_mixin.py:188} INFO - Uploaded /tmp/minio_downloads/accounts_143615371350.parquet -> @accounts stage
[2026-02-10T21:48:37.932+0000] {logging_mixin.py:188} INFO - Uploaded /tmp/minio_downloads/accounts_143615482384.parquet -> @accounts stage
[2026-02-10T21:48:38.100+0000] {logging_mixin.py:188} INFO - Uploaded /tmp/minio_downloads/accounts_143615585990.parquet -> @accounts stage
[2026-02-10T21:48:38.257+0000] {logging_mixin.py:188} INFO - Uploaded /tmp/minio_downloads/accounts_143615708196.parquet -> @accounts stage
[2026-02-10T21:48:38.426+0000] {logging_mixin.py:188} INFO - Uploaded /tmp/minio_downloads/accounts_143616221702.parquet -> @accounts stage
[2026-02-10T21:48:38.650+0000] {logging_mixin.py:188} INFO - Uploaded /tmp/minio_downloads/accounts_143616354578.parquet -> @accounts stage
[2026-02-10T21:48:38.802+0000] {logging_mixin.py:188} INFO - Uploaded /tmp/minio_downloads/accounts_143616494297.parquet -> @accounts stage
[2026-02-10T21:48:38.988+0000] {logging_mixin.py:188} INFO - Uploaded /tmp/minio_downloads/accounts_143616627289.parquet -> @accounts stage
[2026-02-10T21:48:39.137+0000] {logging_mixin.py:188} INFO - Uploaded /tmp/minio_downloads/accounts_143616807834.parquet -> @accounts stage
[2026-02-10T21:48:39.570+0000] {logging_mixin.py:188} INFO - Uploaded /tmp/minio_downloads/accounts_143616930269.parquet -> @accounts stage
[2026-02-10T21:48:39.751+0000] {logging_mixin.py:188} INFO - Uploaded /tmp/minio_downloads/accounts_143617061136.parquet -> @accounts stage
[2026-02-10T21:48:39.902+0000] {logging_mixin.py:188} INFO - Uploaded /tmp/minio_downloads/accounts_143620927026.parquet -> @accounts stage
[2026-02-10T21:48:40.068+0000] {logging_mixin.py:188} INFO - Uploaded /tmp/minio_downloads/accounts_143621273880.parquet -> @accounts stage
[2026-02-10T21:48:40.217+0000] {logging_mixin.py:188} INFO - Uploaded /tmp/minio_downloads/accounts_143621457961.parquet -> @accounts stage
[2026-02-10T21:48:40.367+0000] {logging_mixin.py:188} INFO - Uploaded /tmp/minio_downloads/accounts_143621629828.parquet -> @accounts stage
[2026-02-10T21:48:40.538+0000] {logging_mixin.py:188} INFO - Uploaded /tmp/minio_downloads/accounts_143621787113.parquet -> @accounts stage
[2026-02-10T21:48:40.699+0000] {logging_mixin.py:188} INFO - Uploaded /tmp/minio_downloads/accounts_143621938703.parquet -> @accounts stage
[2026-02-10T21:48:40.852+0000] {logging_mixin.py:188} INFO - Uploaded /tmp/minio_downloads/accounts_143622148139.parquet -> @accounts stage
[2026-02-10T21:48:40.993+0000] {logging_mixin.py:188} INFO - Uploaded /tmp/minio_downloads/accounts_143622899311.parquet -> @accounts stage
[2026-02-10T21:48:41.136+0000] {logging_mixin.py:188} INFO - Uploaded /tmp/minio_downloads/accounts_143623037848.parquet -> @accounts stage
[2026-02-10T21:48:41.302+0000] {logging_mixin.py:188} INFO - Uploaded /tmp/minio_downloads/accounts_143623185046.parquet -> @accounts stage
[2026-02-10T21:48:41.699+0000] {logging_mixin.py:188} INFO - Uploaded /tmp/minio_downloads/accounts_143623322853.parquet -> @accounts stage
[2026-02-10T21:48:41.853+0000] {logging_mixin.py:188} INFO - Uploaded /tmp/minio_downloads/accounts_143623463004.parquet -> @accounts stage
[2026-02-10T21:48:42.016+0000] {logging_mixin.py:188} INFO - Uploaded /tmp/minio_downloads/accounts_143623595433.parquet -> @accounts stage
[2026-02-10T21:48:42.159+0000] {logging_mixin.py:188} INFO - Uploaded /tmp/minio_downloads/accounts_143626915001.parquet -> @accounts stage
[2026-02-10T21:48:42.309+0000] {logging_mixin.py:188} INFO - Uploaded /tmp/minio_downloads/accounts_143627070469.parquet -> @accounts stage
[2026-02-10T21:48:42.454+0000] {logging_mixin.py:188} INFO - Uploaded /tmp/minio_downloads/accounts_143627264006.parquet -> @accounts stage
[2026-02-10T21:48:42.611+0000] {logging_mixin.py:188} INFO - Uploaded /tmp/minio_downloads/accounts_143627400232.parquet -> @accounts stage
[2026-02-10T21:48:42.800+0000] {logging_mixin.py:188} INFO - Uploaded /tmp/minio_downloads/accounts_143627527925.parquet -> @accounts stage
[2026-02-10T21:48:42.980+0000] {logging_mixin.py:188} INFO - Uploaded /tmp/minio_downloads/accounts_143627636593.parquet -> @accounts stage
[2026-02-10T21:48:43.136+0000] {logging_mixin.py:188} INFO - Uploaded /tmp/minio_downloads/accounts_143627773501.parquet -> @accounts stage
[2026-02-10T21:48:43.294+0000] {logging_mixin.py:188} INFO - Uploaded /tmp/minio_downloads/accounts_143628621070.parquet -> @accounts stage
[2026-02-10T21:48:43.438+0000] {logging_mixin.py:188} INFO - Uploaded /tmp/minio_downloads/accounts_143628771871.parquet -> @accounts stage
[2026-02-10T21:48:43.608+0000] {logging_mixin.py:188} INFO - Uploaded /tmp/minio_downloads/accounts_143628905792.parquet -> @accounts stage
[2026-02-10T21:48:43.777+0000] {logging_mixin.py:188} INFO - Uploaded /tmp/minio_downloads/accounts_143629054044.parquet -> @accounts stage
[2026-02-10T21:48:43.937+0000] {logging_mixin.py:188} INFO - Uploaded /tmp/minio_downloads/accounts_143629167102.parquet -> @accounts stage
[2026-02-10T21:48:44.103+0000] {logging_mixin.py:188} INFO - Uploaded /tmp/minio_downloads/accounts_143629288156.parquet -> @accounts stage
[2026-02-10T21:48:44.263+0000] {logging_mixin.py:188} INFO - Uploaded /tmp/minio_downloads/accounts_143629595519.parquet -> @accounts stage
[2026-02-10T21:48:44.412+0000] {logging_mixin.py:188} INFO - Uploaded /tmp/minio_downloads/accounts_143632676284.parquet -> @accounts stage
[2026-02-10T21:48:44.592+0000] {logging_mixin.py:188} INFO - Uploaded /tmp/minio_downloads/accounts_143632810992.parquet -> @accounts stage
[2026-02-10T21:48:44.737+0000] {logging_mixin.py:188} INFO - Uploaded /tmp/minio_downloads/accounts_143632948891.parquet -> @accounts stage
[2026-02-10T21:48:44.888+0000] {logging_mixin.py:188} INFO - Uploaded /tmp/minio_downloads/accounts_143633091968.parquet -> @accounts stage
[2026-02-10T21:48:45.079+0000] {logging_mixin.py:188} INFO - Uploaded /tmp/minio_downloads/accounts_143633234793.parquet -> @accounts stage
[2026-02-10T21:48:45.232+0000] {logging_mixin.py:188} INFO - Uploaded /tmp/minio_downloads/accounts_143633383390.parquet -> @accounts stage
[2026-02-10T21:48:45.386+0000] {logging_mixin.py:188} INFO - Uploaded /tmp/minio_downloads/accounts_143634166580.parquet -> @accounts stage
[2026-02-10T21:48:45.563+0000] {logging_mixin.py:188} INFO - Uploaded /tmp/minio_downloads/accounts_143634319424.parquet -> @accounts stage
[2026-02-10T21:48:45.706+0000] {logging_mixin.py:188} INFO - Uploaded /tmp/minio_downloads/accounts_143634483652.parquet -> @accounts stage
[2026-02-10T21:48:45.866+0000] {logging_mixin.py:188} INFO - Uploaded /tmp/minio_downloads/accounts_143634619865.parquet -> @accounts stage
[2026-02-10T21:48:46.016+0000] {logging_mixin.py:188} INFO - Uploaded /tmp/minio_downloads/accounts_143634769445.parquet -> @accounts stage
[2026-02-10T21:48:46.162+0000] {logging_mixin.py:188} INFO - Uploaded /tmp/minio_downloads/accounts_143634928471.parquet -> @accounts stage
[2026-02-10T21:48:46.316+0000] {logging_mixin.py:188} INFO - Uploaded /tmp/minio_downloads/accounts_143635083824.parquet -> @accounts stage
[2026-02-10T21:48:46.471+0000] {logging_mixin.py:188} INFO - Uploaded /tmp/minio_downloads/accounts_143638279873.parquet -> @accounts stage
[2026-02-10T21:48:46.620+0000] {logging_mixin.py:188} INFO - Uploaded /tmp/minio_downloads/accounts_143638425530.parquet -> @accounts stage
[2026-02-10T21:48:46.774+0000] {logging_mixin.py:188} INFO - Uploaded /tmp/minio_downloads/accounts_143638563756.parquet -> @accounts stage
[2026-02-10T21:48:46.930+0000] {logging_mixin.py:188} INFO - Uploaded /tmp/minio_downloads/accounts_143638679885.parquet -> @accounts stage
[2026-02-10T21:48:47.092+0000] {logging_mixin.py:188} INFO - Uploaded /tmp/minio_downloads/accounts_143638800711.parquet -> @accounts stage
[2026-02-10T21:48:47.253+0000] {logging_mixin.py:188} INFO - Uploaded /tmp/minio_downloads/accounts_143638916190.parquet -> @accounts stage
[2026-02-10T21:48:47.420+0000] {logging_mixin.py:188} INFO - Uploaded /tmp/minio_downloads/accounts_143639070301.parquet -> @accounts stage
[2026-02-10T21:48:47.576+0000] {logging_mixin.py:188} INFO - Uploaded /tmp/minio_downloads/accounts_143640092595.parquet -> @accounts stage
[2026-02-10T21:48:47.940+0000] {logging_mixin.py:188} INFO - Uploaded /tmp/minio_downloads/accounts_143640227335.parquet -> @accounts stage
[2026-02-10T21:48:48.111+0000] {logging_mixin.py:188} INFO - Uploaded /tmp/minio_downloads/accounts_143640384173.parquet -> @accounts stage
[2026-02-10T21:48:48.270+0000] {logging_mixin.py:188} INFO - Uploaded /tmp/minio_downloads/accounts_143640544366.parquet -> @accounts stage
[2026-02-10T21:48:48.433+0000] {logging_mixin.py:188} INFO - Uploaded /tmp/minio_downloads/accounts_143640703642.parquet -> @accounts stage
[2026-02-10T21:48:48.652+0000] {logging_mixin.py:188} INFO - Uploaded /tmp/minio_downloads/accounts_143640863888.parquet -> @accounts stage
[2026-02-10T21:48:48.824+0000] {logging_mixin.py:188} INFO - Uploaded /tmp/minio_downloads/accounts_143644105529.parquet -> @accounts stage
[2026-02-10T21:48:49.001+0000] {logging_mixin.py:188} INFO - Uploaded /tmp/minio_downloads/accounts_143644283988.parquet -> @accounts stage
[2026-02-10T21:48:49.177+0000] {logging_mixin.py:188} INFO - Uploaded /tmp/minio_downloads/accounts_143644432773.parquet -> @accounts stage
[2026-02-10T21:48:49.425+0000] {logging_mixin.py:188} INFO - Uploaded /tmp/minio_downloads/accounts_143644612952.parquet -> @accounts stage
[2026-02-10T21:48:49.609+0000] {logging_mixin.py:188} INFO - Uploaded /tmp/minio_downloads/accounts_143644742800.parquet -> @accounts stage
[2026-02-10T21:48:49.778+0000] {logging_mixin.py:188} INFO - Uploaded /tmp/minio_downloads/accounts_143644882937.parquet -> @accounts stage
[2026-02-10T21:48:49.941+0000] {logging_mixin.py:188} INFO - Uploaded /tmp/minio_downloads/accounts_143645027525.parquet -> @accounts stage
[2026-02-10T21:48:50.162+0000] {logging_mixin.py:188} INFO - Uploaded /tmp/minio_downloads/accounts_143645967627.parquet -> @accounts stage
[2026-02-10T21:48:50.331+0000] {logging_mixin.py:188} INFO - Uploaded /tmp/minio_downloads/accounts_143646155094.parquet -> @accounts stage
[2026-02-10T21:48:50.497+0000] {logging_mixin.py:188} INFO - Uploaded /tmp/minio_downloads/accounts_143646330526.parquet -> @accounts stage
[2026-02-10T21:48:50.664+0000] {logging_mixin.py:188} INFO - Uploaded /tmp/minio_downloads/accounts_143646508490.parquet -> @accounts stage
[2026-02-10T21:48:50.816+0000] {logging_mixin.py:188} INFO - Uploaded /tmp/minio_downloads/accounts_143646646203.parquet -> @accounts stage
[2026-02-10T21:48:50.970+0000] {logging_mixin.py:188} INFO - Uploaded /tmp/minio_downloads/accounts_143646808506.parquet -> @accounts stage
[2026-02-10T21:48:51.139+0000] {logging_mixin.py:188} INFO - Uploaded /tmp/minio_downloads/accounts_143646978067.parquet -> @accounts stage
[2026-02-10T21:48:51.316+0000] {logging_mixin.py:188} INFO - Uploaded /tmp/minio_downloads/accounts_143650730323.parquet -> @accounts stage
[2026-02-10T21:48:51.481+0000] {logging_mixin.py:188} INFO - Uploaded /tmp/minio_downloads/accounts_143650887927.parquet -> @accounts stage
[2026-02-10T21:48:51.687+0000] {logging_mixin.py:188} INFO - Uploaded /tmp/minio_downloads/accounts_143651082022.parquet -> @accounts stage
[2026-02-10T21:48:51.858+0000] {logging_mixin.py:188} INFO - Uploaded /tmp/minio_downloads/accounts_143651260702.parquet -> @accounts stage
[2026-02-10T21:48:52.019+0000] {logging_mixin.py:188} INFO - Uploaded /tmp/minio_downloads/accounts_143651433654.parquet -> @accounts stage
[2026-02-10T21:48:52.177+0000] {logging_mixin.py:188} INFO - Uploaded /tmp/minio_downloads/accounts_143651591607.parquet -> @accounts stage
[2026-02-10T21:48:52.333+0000] {logging_mixin.py:188} INFO - Uploaded /tmp/minio_downloads/accounts_143651740747.parquet -> @accounts stage
[2026-02-10T21:48:52.487+0000] {logging_mixin.py:188} INFO - Uploaded /tmp/minio_downloads/accounts_143652577835.parquet -> @accounts stage
[2026-02-10T21:48:52.647+0000] {logging_mixin.py:188} INFO - Uploaded /tmp/minio_downloads/accounts_143652739819.parquet -> @accounts stage
[2026-02-10T21:48:52.805+0000] {logging_mixin.py:188} INFO - Uploaded /tmp/minio_downloads/accounts_143652872497.parquet -> @accounts stage
[2026-02-10T21:48:52.954+0000] {logging_mixin.py:188} INFO - Uploaded /tmp/minio_downloads/accounts_143653015028.parquet -> @accounts stage
[2026-02-10T21:48:53.114+0000] {logging_mixin.py:188} INFO - Uploaded /tmp/minio_downloads/accounts_143653161883.parquet -> @accounts stage
[2026-02-10T21:48:53.270+0000] {logging_mixin.py:188} INFO - Uploaded /tmp/minio_downloads/accounts_143653303887.parquet -> @accounts stage
[2026-02-10T21:48:53.443+0000] {logging_mixin.py:188} INFO - Uploaded /tmp/minio_downloads/accounts_143655845748.parquet -> @accounts stage
[2026-02-10T21:48:53.593+0000] {logging_mixin.py:188} INFO - Uploaded /tmp/minio_downloads/accounts_143655939768.parquet -> @accounts stage
[2026-02-10T21:48:53.758+0000] {logging_mixin.py:188} INFO - Uploaded /tmp/minio_downloads/accounts_143656027316.parquet -> @accounts stage
[2026-02-10T21:48:53.912+0000] {logging_mixin.py:188} INFO - Uploaded /tmp/minio_downloads/accounts_143656112461.parquet -> @accounts stage
[2026-02-10T21:48:54.077+0000] {logging_mixin.py:188} INFO - Uploaded /tmp/minio_downloads/accounts_143656192703.parquet -> @accounts stage
[2026-02-10T21:48:54.228+0000] {logging_mixin.py:188} INFO - Uploaded /tmp/minio_downloads/accounts_143656276920.parquet -> @accounts stage
[2026-02-10T21:48:54.390+0000] {logging_mixin.py:188} INFO - Uploaded /tmp/minio_downloads/accounts_143656359626.parquet -> @accounts stage
[2026-02-10T21:48:54.545+0000] {logging_mixin.py:188} INFO - Uploaded /tmp/minio_downloads/accounts_143656982586.parquet -> @accounts stage
[2026-02-10T21:48:54.717+0000] {logging_mixin.py:188} INFO - Uploaded /tmp/minio_downloads/accounts_143657146324.parquet -> @accounts stage
[2026-02-10T21:48:54.872+0000] {logging_mixin.py:188} INFO - Uploaded /tmp/minio_downloads/accounts_143657288626.parquet -> @accounts stage
[2026-02-10T21:48:55.021+0000] {logging_mixin.py:188} INFO - Uploaded /tmp/minio_downloads/accounts_143657412021.parquet -> @accounts stage
[2026-02-10T21:48:55.179+0000] {logging_mixin.py:188} INFO - Uploaded /tmp/minio_downloads/accounts_143657497159.parquet -> @accounts stage
[2026-02-10T21:48:55.366+0000] {logging_mixin.py:188} INFO - Uploaded /tmp/minio_downloads/accounts_143657586154.parquet -> @accounts stage
[2026-02-10T21:48:55.539+0000] {logging_mixin.py:188} INFO - Uploaded /tmp/minio_downloads/accounts_143657675093.parquet -> @accounts stage
[2026-02-10T21:48:55.709+0000] {logging_mixin.py:188} INFO - Uploaded /tmp/minio_downloads/accounts_143659504529.parquet -> @accounts stage
[2026-02-10T21:48:55.869+0000] {logging_mixin.py:188} INFO - Uploaded /tmp/minio_downloads/accounts_143659602830.parquet -> @accounts stage
[2026-02-10T21:48:56.015+0000] {logging_mixin.py:188} INFO - Uploaded /tmp/minio_downloads/accounts_143659750230.parquet -> @accounts stage
[2026-02-10T21:48:56.161+0000] {logging_mixin.py:188} INFO - Uploaded /tmp/minio_downloads/accounts_143659868639.parquet -> @accounts stage
[2026-02-10T21:48:56.340+0000] {logging_mixin.py:188} INFO - Uploaded /tmp/minio_downloads/accounts_143659971306.parquet -> @accounts stage
[2026-02-10T21:48:56.510+0000] {logging_mixin.py:188} INFO - Uploaded /tmp/minio_downloads/accounts_143700105186.parquet -> @accounts stage
[2026-02-10T21:48:56.655+0000] {logging_mixin.py:188} INFO - Uploaded /tmp/minio_downloads/accounts_143700606684.parquet -> @accounts stage
[2026-02-10T21:48:56.838+0000] {logging_mixin.py:188} INFO - Uploaded /tmp/minio_downloads/accounts_143700732138.parquet -> @accounts stage
[2026-02-10T21:48:57.033+0000] {logging_mixin.py:188} INFO - Uploaded /tmp/minio_downloads/accounts_143700830757.parquet -> @accounts stage
[2026-02-10T21:48:57.187+0000] {logging_mixin.py:188} INFO - Uploaded /tmp/minio_downloads/accounts_143700927043.parquet -> @accounts stage
[2026-02-10T21:48:57.456+0000] {logging_mixin.py:188} INFO - Uploaded /tmp/minio_downloads/accounts_143701031629.parquet -> @accounts stage
[2026-02-10T21:48:57.604+0000] {logging_mixin.py:188} INFO - Uploaded /tmp/minio_downloads/accounts_143701137265.parquet -> @accounts stage
[2026-02-10T21:48:57.771+0000] {logging_mixin.py:188} INFO - Uploaded /tmp/minio_downloads/accounts_143701242496.parquet -> @accounts stage
[2026-02-10T21:48:58.018+0000] {logging_mixin.py:188} INFO - Uploaded /tmp/minio_downloads/accounts_143703081914.parquet -> @accounts stage
[2026-02-10T21:48:58.190+0000] {logging_mixin.py:188} INFO - Uploaded /tmp/minio_downloads/accounts_143703195478.parquet -> @accounts stage
[2026-02-10T21:48:58.381+0000] {logging_mixin.py:188} INFO - Uploaded /tmp/minio_downloads/accounts_143703299695.parquet -> @accounts stage
[2026-02-10T21:48:58.597+0000] {logging_mixin.py:188} INFO - Uploaded /tmp/minio_downloads/accounts_143703397608.parquet -> @accounts stage
[2026-02-10T21:48:58.761+0000] {logging_mixin.py:188} INFO - Uploaded /tmp/minio_downloads/accounts_143703502317.parquet -> @accounts stage
[2026-02-10T21:48:58.911+0000] {logging_mixin.py:188} INFO - Uploaded /tmp/minio_downloads/accounts_143703603101.parquet -> @accounts stage
[2026-02-10T21:48:59.086+0000] {logging_mixin.py:188} INFO - Uploaded /tmp/minio_downloads/accounts_143703699149.parquet -> @accounts stage
[2026-02-10T21:48:59.288+0000] {logging_mixin.py:188} INFO - Uploaded /tmp/minio_downloads/accounts_143704124632.parquet -> @accounts stage
[2026-02-10T21:48:59.456+0000] {logging_mixin.py:188} INFO - Uploaded /tmp/minio_downloads/accounts_143704268609.parquet -> @accounts stage
[2026-02-10T21:48:59.613+0000] {logging_mixin.py:188} INFO - Uploaded /tmp/minio_downloads/accounts_143704379061.parquet -> @accounts stage
[2026-02-10T21:49:00.103+0000] {logging_mixin.py:188} INFO - Uploaded /tmp/minio_downloads/accounts_143704484146.parquet -> @accounts stage
[2026-02-10T21:49:00.273+0000] {logging_mixin.py:188} INFO - Uploaded /tmp/minio_downloads/accounts_143704595037.parquet -> @accounts stage
[2026-02-10T21:49:00.429+0000] {logging_mixin.py:188} INFO - Uploaded /tmp/minio_downloads/accounts_143704703069.parquet -> @accounts stage
[2026-02-10T21:49:00.589+0000] {logging_mixin.py:188} INFO - Uploaded /tmp/minio_downloads/accounts_160533028267.parquet -> @accounts stage
[2026-02-10T21:49:00.735+0000] {logging_mixin.py:188} INFO - Uploaded /tmp/minio_downloads/accounts_160533208078.parquet -> @accounts stage
[2026-02-10T21:49:01.103+0000] {logging_mixin.py:188} INFO - Data loaded into accounts
[2026-02-10T21:49:01.292+0000] {logging_mixin.py:188} INFO - Uploaded /tmp/minio_downloads/transactions_143559352963.parquet -> @transactions stage
[2026-02-10T21:49:01.499+0000] {logging_mixin.py:188} INFO - Uploaded /tmp/minio_downloads/transactions_143559453281.parquet -> @transactions stage
[2026-02-10T21:49:01.686+0000] {logging_mixin.py:188} INFO - Uploaded /tmp/minio_downloads/transactions_143559560204.parquet -> @transactions stage
[2026-02-10T21:49:01.929+0000] {logging_mixin.py:188} INFO - Uploaded /tmp/minio_downloads/transactions_143600054219.parquet -> @transactions stage
[2026-02-10T21:49:02.112+0000] {logging_mixin.py:188} INFO - Uploaded /tmp/minio_downloads/transactions_143600194910.parquet -> @transactions stage
[2026-02-10T21:49:02.296+0000] {logging_mixin.py:188} INFO - Uploaded /tmp/minio_downloads/transactions_143600320546.parquet -> @transactions stage
[2026-02-10T21:49:02.497+0000] {logging_mixin.py:188} INFO - Uploaded /tmp/minio_downloads/transactions_143603894849.parquet -> @transactions stage
[2026-02-10T21:49:02.652+0000] {logging_mixin.py:188} INFO - Uploaded /tmp/minio_downloads/transactions_143603998965.parquet -> @transactions stage
[2026-02-10T21:49:02.841+0000] {logging_mixin.py:188} INFO - Uploaded /tmp/minio_downloads/transactions_143604135977.parquet -> @transactions stage
[2026-02-10T21:49:03.031+0000] {logging_mixin.py:188} INFO - Uploaded /tmp/minio_downloads/transactions_143604628763.parquet -> @transactions stage
[2026-02-10T21:49:03.174+0000] {logging_mixin.py:188} INFO - Uploaded /tmp/minio_downloads/transactions_143604785907.parquet -> @transactions stage
[2026-02-10T21:49:03.335+0000] {logging_mixin.py:188} INFO - Uploaded /tmp/minio_downloads/transactions_143604874662.parquet -> @transactions stage
[2026-02-10T21:49:03.565+0000] {logging_mixin.py:188} INFO - Uploaded /tmp/minio_downloads/transactions_143608088243.parquet -> @transactions stage
[2026-02-10T21:49:03.753+0000] {logging_mixin.py:188} INFO - Uploaded /tmp/minio_downloads/transactions_143608198249.parquet -> @transactions stage
[2026-02-10T21:49:03.928+0000] {logging_mixin.py:188} INFO - Uploaded /tmp/minio_downloads/transactions_143608340339.parquet -> @transactions stage
[2026-02-10T21:49:04.109+0000] {logging_mixin.py:188} INFO - Uploaded /tmp/minio_downloads/transactions_143608466383.parquet -> @transactions stage
[2026-02-10T21:49:04.277+0000] {logging_mixin.py:188} INFO - Uploaded /tmp/minio_downloads/transactions_143608845396.parquet -> @transactions stage
[2026-02-10T21:49:04.451+0000] {logging_mixin.py:188} INFO - Uploaded /tmp/minio_downloads/transactions_143609103242.parquet -> @transactions stage
[2026-02-10T21:49:04.881+0000] {logging_mixin.py:188} INFO - Uploaded /tmp/minio_downloads/transactions_143609267473.parquet -> @transactions stage
[2026-02-10T21:49:05.033+0000] {logging_mixin.py:188} INFO - Uploaded /tmp/minio_downloads/transactions_143612613137.parquet -> @transactions stage
[2026-02-10T21:49:05.239+0000] {logging_mixin.py:188} INFO - Uploaded /tmp/minio_downloads/transactions_143612721751.parquet -> @transactions stage
[2026-02-10T21:49:05.454+0000] {logging_mixin.py:188} INFO - Uploaded /tmp/minio_downloads/transactions_143612847612.parquet -> @transactions stage
[2026-02-10T21:49:05.616+0000] {logging_mixin.py:188} INFO - Uploaded /tmp/minio_downloads/transactions_143613356277.parquet -> @transactions stage
[2026-02-10T21:49:05.765+0000] {logging_mixin.py:188} INFO - Uploaded /tmp/minio_downloads/transactions_143613540960.parquet -> @transactions stage
[2026-02-10T21:49:06.005+0000] {logging_mixin.py:188} INFO - Uploaded /tmp/minio_downloads/transactions_143613708066.parquet -> @transactions stage
[2026-02-10T21:49:06.176+0000] {logging_mixin.py:188} INFO - Uploaded /tmp/minio_downloads/transactions_143617184596.parquet -> @transactions stage
[2026-02-10T21:49:06.575+0000] {logging_mixin.py:188} INFO - Uploaded /tmp/minio_downloads/transactions_143617325153.parquet -> @transactions stage
[2026-02-10T21:49:06.807+0000] {logging_mixin.py:188} INFO - Uploaded /tmp/minio_downloads/transactions_143617443643.parquet -> @transactions stage
[2026-02-10T21:49:06.971+0000] {logging_mixin.py:188} INFO - Uploaded /tmp/minio_downloads/transactions_143618449353.parquet -> @transactions stage
[2026-02-10T21:49:07.147+0000] {logging_mixin.py:188} INFO - Uploaded /tmp/minio_downloads/transactions_143618620546.parquet -> @transactions stage
[2026-02-10T21:49:07.306+0000] {logging_mixin.py:188} INFO - Uploaded /tmp/minio_downloads/transactions_143618806240.parquet -> @transactions stage
[2026-02-10T21:49:07.479+0000] {logging_mixin.py:188} INFO - Uploaded /tmp/minio_downloads/transactions_143618981443.parquet -> @transactions stage
[2026-02-10T21:49:07.707+0000] {logging_mixin.py:188} INFO - Uploaded /tmp/minio_downloads/transactions_143623773874.parquet -> @transactions stage
[2026-02-10T21:49:07.923+0000] {logging_mixin.py:188} INFO - Uploaded /tmp/minio_downloads/transactions_143623939846.parquet -> @transactions stage
[2026-02-10T21:49:08.091+0000] {logging_mixin.py:188} INFO - Uploaded /tmp/minio_downloads/transactions_143624089406.parquet -> @transactions stage
[2026-02-10T21:49:08.262+0000] {logging_mixin.py:188} INFO - Uploaded /tmp/minio_downloads/transactions_143624776483.parquet -> @transactions stage
[2026-02-10T21:49:08.424+0000] {logging_mixin.py:188} INFO - Uploaded /tmp/minio_downloads/transactions_143624955159.parquet -> @transactions stage
[2026-02-10T21:49:08.646+0000] {logging_mixin.py:188} INFO - Uploaded /tmp/minio_downloads/transactions_143625273311.parquet -> @transactions stage
[2026-02-10T21:49:08.785+0000] {logging_mixin.py:188} INFO - Uploaded /tmp/minio_downloads/transactions_143629794618.parquet -> @transactions stage
[2026-02-10T21:49:08.946+0000] {logging_mixin.py:188} INFO - Uploaded /tmp/minio_downloads/transactions_143629928164.parquet -> @transactions stage
[2026-02-10T21:49:09.126+0000] {logging_mixin.py:188} INFO - Uploaded /tmp/minio_downloads/transactions_143630064772.parquet -> @transactions stage
[2026-02-10T21:49:09.329+0000] {logging_mixin.py:188} INFO - Uploaded /tmp/minio_downloads/transactions_143630737415.parquet -> @transactions stage
[2026-02-10T21:49:09.524+0000] {logging_mixin.py:188} INFO - Uploaded /tmp/minio_downloads/transactions_143630881178.parquet -> @transactions stage
[2026-02-10T21:49:09.718+0000] {logging_mixin.py:188} INFO - Uploaded /tmp/minio_downloads/transactions_143631020367.parquet -> @transactions stage
[2026-02-10T21:49:09.872+0000] {logging_mixin.py:188} INFO - Uploaded /tmp/minio_downloads/transactions_143635246432.parquet -> @transactions stage
[2026-02-10T21:49:10.049+0000] {logging_mixin.py:188} INFO - Uploaded /tmp/minio_downloads/transactions_143635397982.parquet -> @transactions stage
[2026-02-10T21:49:10.253+0000] {logging_mixin.py:188} INFO - Uploaded /tmp/minio_downloads/transactions_143635556403.parquet -> @transactions stage
[2026-02-10T21:49:10.437+0000] {logging_mixin.py:188} INFO - Uploaded /tmp/minio_downloads/transactions_143635708018.parquet -> @transactions stage
[2026-02-10T21:49:10.598+0000] {logging_mixin.py:188} INFO - Uploaded /tmp/minio_downloads/transactions_143636489988.parquet -> @transactions stage
[2026-02-10T21:49:10.770+0000] {logging_mixin.py:188} INFO - Uploaded /tmp/minio_downloads/transactions_143636628731.parquet -> @transactions stage
[2026-02-10T21:49:10.917+0000] {logging_mixin.py:188} INFO - Uploaded /tmp/minio_downloads/transactions_143636747943.parquet -> @transactions stage
[2026-02-10T21:49:11.075+0000] {logging_mixin.py:188} INFO - Uploaded /tmp/minio_downloads/transactions_143641023066.parquet -> @transactions stage
[2026-02-10T21:49:11.227+0000] {logging_mixin.py:188} INFO - Uploaded /tmp/minio_downloads/transactions_143641153173.parquet -> @transactions stage
[2026-02-10T21:49:11.443+0000] {logging_mixin.py:188} INFO - Uploaded /tmp/minio_downloads/transactions_143641344423.parquet -> @transactions stage
[2026-02-10T21:49:11.610+0000] {logging_mixin.py:188} INFO - Uploaded /tmp/minio_downloads/transactions_143642180955.parquet -> @transactions stage
[2026-02-10T21:49:11.780+0000] {logging_mixin.py:188} INFO - Uploaded /tmp/minio_downloads/transactions_143642321739.parquet -> @transactions stage
[2026-02-10T21:49:12.038+0000] {logging_mixin.py:188} INFO - Uploaded /tmp/minio_downloads/transactions_143642443574.parquet -> @transactions stage
[2026-02-10T21:49:12.221+0000] {logging_mixin.py:188} INFO - Uploaded /tmp/minio_downloads/transactions_143647160455.parquet -> @transactions stage
[2026-02-10T21:49:12.378+0000] {logging_mixin.py:188} INFO - Uploaded /tmp/minio_downloads/transactions_143647311592.parquet -> @transactions stage
[2026-02-10T21:49:12.523+0000] {logging_mixin.py:188} INFO - Uploaded /tmp/minio_downloads/transactions_143647446681.parquet -> @transactions stage
[2026-02-10T21:49:12.686+0000] {logging_mixin.py:188} INFO - Uploaded /tmp/minio_downloads/transactions_143648245760.parquet -> @transactions stage
[2026-02-10T21:49:12.954+0000] {logging_mixin.py:188} INFO - Uploaded /tmp/minio_downloads/transactions_143648402181.parquet -> @transactions stage
[2026-02-10T21:49:13.466+0000] {logging_mixin.py:188} INFO - Uploaded /tmp/minio_downloads/transactions_143648530950.parquet -> @transactions stage
[2026-02-10T21:49:13.629+0000] {logging_mixin.py:188} INFO - Uploaded /tmp/minio_downloads/transactions_143648674730.parquet -> @transactions stage
[2026-02-10T21:49:13.793+0000] {logging_mixin.py:188} INFO - Uploaded /tmp/minio_downloads/transactions_143653438073.parquet -> @transactions stage
[2026-02-10T21:49:13.954+0000] {logging_mixin.py:188} INFO - Uploaded /tmp/minio_downloads/transactions_143653571758.parquet -> @transactions stage
[2026-02-10T21:49:14.143+0000] {logging_mixin.py:188} INFO - Uploaded /tmp/minio_downloads/transactions_143653696231.parquet -> @transactions stage
[2026-02-10T21:49:14.286+0000] {logging_mixin.py:188} INFO - Uploaded /tmp/minio_downloads/transactions_143654399247.parquet -> @transactions stage
[2026-02-10T21:49:14.455+0000] {logging_mixin.py:188} INFO - Uploaded /tmp/minio_downloads/transactions_143654517034.parquet -> @transactions stage
[2026-02-10T21:49:14.626+0000] {logging_mixin.py:188} INFO - Uploaded /tmp/minio_downloads/transactions_143654620640.parquet -> @transactions stage
[2026-02-10T21:49:14.780+0000] {logging_mixin.py:188} INFO - Uploaded /tmp/minio_downloads/transactions_143657759432.parquet -> @transactions stage
[2026-02-10T21:49:14.942+0000] {logging_mixin.py:188} INFO - Uploaded /tmp/minio_downloads/transactions_143657865483.parquet -> @transactions stage
[2026-02-10T21:49:15.089+0000] {logging_mixin.py:188} INFO - Uploaded /tmp/minio_downloads/transactions_143657958553.parquet -> @transactions stage
[2026-02-10T21:49:15.253+0000] {logging_mixin.py:188} INFO - Uploaded /tmp/minio_downloads/transactions_143658334302.parquet -> @transactions stage
[2026-02-10T21:49:15.427+0000] {logging_mixin.py:188} INFO - Uploaded /tmp/minio_downloads/transactions_143658438583.parquet -> @transactions stage
[2026-02-10T21:49:15.591+0000] {logging_mixin.py:188} INFO - Uploaded /tmp/minio_downloads/transactions_143658533529.parquet -> @transactions stage
[2026-02-10T21:49:15.741+0000] {logging_mixin.py:188} INFO - Uploaded /tmp/minio_downloads/transactions_143701352066.parquet -> @transactions stage
[2026-02-10T21:49:15.901+0000] {logging_mixin.py:188} INFO - Uploaded /tmp/minio_downloads/transactions_143701457805.parquet -> @transactions stage
[2026-02-10T21:49:16.062+0000] {logging_mixin.py:188} INFO - Uploaded /tmp/minio_downloads/transactions_143701570499.parquet -> @transactions stage
[2026-02-10T21:49:16.231+0000] {logging_mixin.py:188} INFO - Uploaded /tmp/minio_downloads/transactions_143701678949.parquet -> @transactions stage
[2026-02-10T21:49:16.421+0000] {logging_mixin.py:188} INFO - Uploaded /tmp/minio_downloads/transactions_143702021595.parquet -> @transactions stage
[2026-02-10T21:49:16.577+0000] {logging_mixin.py:188} INFO - Uploaded /tmp/minio_downloads/transactions_143702131031.parquet -> @transactions stage
[2026-02-10T21:49:16.754+0000] {logging_mixin.py:188} INFO - Uploaded /tmp/minio_downloads/transactions_143702233908.parquet -> @transactions stage
[2026-02-10T21:49:16.926+0000] {logging_mixin.py:188} INFO - Uploaded /tmp/minio_downloads/transactions_143704812794.parquet -> @transactions stage
[2026-02-10T21:49:17.071+0000] {logging_mixin.py:188} INFO - Uploaded /tmp/minio_downloads/transactions_143704925433.parquet -> @transactions stage
[2026-02-10T21:49:17.246+0000] {logging_mixin.py:188} INFO - Uploaded /tmp/minio_downloads/transactions_143705040846.parquet -> @transactions stage
[2026-02-10T21:49:17.428+0000] {logging_mixin.py:188} INFO - Uploaded /tmp/minio_downloads/transactions_143705180758.parquet -> @transactions stage
[2026-02-10T21:49:17.571+0000] {logging_mixin.py:188} INFO - Uploaded /tmp/minio_downloads/transactions_143705418459.parquet -> @transactions stage
[2026-02-10T21:49:17.730+0000] {logging_mixin.py:188} INFO - Uploaded /tmp/minio_downloads/transactions_143705535950.parquet -> @transactions stage
[2026-02-10T21:49:17.907+0000] {logging_mixin.py:188} INFO - Uploaded /tmp/minio_downloads/transactions_143705854458.parquet -> @transactions stage
[2026-02-10T21:49:18.066+0000] {logging_mixin.py:188} INFO - Uploaded /tmp/minio_downloads/transactions_143705983459.parquet -> @transactions stage
[2026-02-10T21:49:18.237+0000] {logging_mixin.py:188} INFO - Uploaded /tmp/minio_downloads/transactions_143706099054.parquet -> @transactions stage
[2026-02-10T21:49:18.383+0000] {logging_mixin.py:188} INFO - Uploaded /tmp/minio_downloads/transactions_143706225989.parquet -> @transactions stage
[2026-02-10T21:49:18.593+0000] {logging_mixin.py:188} INFO - Uploaded /tmp/minio_downloads/transactions_143706353685.parquet -> @transactions stage
[2026-02-10T21:49:18.739+0000] {logging_mixin.py:188} INFO - Uploaded /tmp/minio_downloads/transactions_143706465235.parquet -> @transactions stage
[2026-02-10T21:49:18.893+0000] {logging_mixin.py:188} INFO - Uploaded /tmp/minio_downloads/transactions_143706582579.parquet -> @transactions stage
[2026-02-10T21:49:19.082+0000] {logging_mixin.py:188} INFO - Uploaded /tmp/minio_downloads/transactions_143706890432.parquet -> @transactions stage
[2026-02-10T21:49:19.246+0000] {logging_mixin.py:188} INFO - Uploaded /tmp/minio_downloads/transactions_143706995574.parquet -> @transactions stage
[2026-02-10T21:49:19.408+0000] {logging_mixin.py:188} INFO - Uploaded /tmp/minio_downloads/transactions_143707182501.parquet -> @transactions stage
[2026-02-10T21:49:19.569+0000] {logging_mixin.py:188} INFO - Uploaded /tmp/minio_downloads/transactions_143707304395.parquet -> @transactions stage
[2026-02-10T21:49:19.745+0000] {logging_mixin.py:188} INFO - Uploaded /tmp/minio_downloads/transactions_143707433627.parquet -> @transactions stage
[2026-02-10T21:49:19.891+0000] {logging_mixin.py:188} INFO - Uploaded /tmp/minio_downloads/transactions_143707541426.parquet -> @transactions stage
[2026-02-10T21:49:20.092+0000] {logging_mixin.py:188} INFO - Uploaded /tmp/minio_downloads/transactions_143707850489.parquet -> @transactions stage
[2026-02-10T21:49:20.239+0000] {logging_mixin.py:188} INFO - Uploaded /tmp/minio_downloads/transactions_143707956700.parquet -> @transactions stage
[2026-02-10T21:49:20.404+0000] {logging_mixin.py:188} INFO - Uploaded /tmp/minio_downloads/transactions_143708063800.parquet -> @transactions stage
[2026-02-10T21:49:20.584+0000] {logging_mixin.py:188} INFO - Uploaded /tmp/minio_downloads/transactions_143708167560.parquet -> @transactions stage
[2026-02-10T21:49:20.740+0000] {logging_mixin.py:188} INFO - Uploaded /tmp/minio_downloads/transactions_143708276287.parquet -> @transactions stage
[2026-02-10T21:49:20.885+0000] {logging_mixin.py:188} INFO - Uploaded /tmp/minio_downloads/transactions_143708390764.parquet -> @transactions stage
[2026-02-10T21:49:21.345+0000] {logging_mixin.py:188} INFO - Uploaded /tmp/minio_downloads/transactions_143708727991.parquet -> @transactions stage
[2026-02-10T21:49:21.482+0000] {logging_mixin.py:188} INFO - Uploaded /tmp/minio_downloads/transactions_143708848217.parquet -> @transactions stage
[2026-02-10T21:49:21.649+0000] {logging_mixin.py:188} INFO - Uploaded /tmp/minio_downloads/transactions_143708955523.parquet -> @transactions stage
[2026-02-10T21:49:21.842+0000] {logging_mixin.py:188} INFO - Uploaded /tmp/minio_downloads/transactions_143709070795.parquet -> @transactions stage
[2026-02-10T21:49:21.991+0000] {logging_mixin.py:188} INFO - Uploaded /tmp/minio_downloads/transactions_143709169799.parquet -> @transactions stage
[2026-02-10T21:49:22.153+0000] {logging_mixin.py:188} INFO - Uploaded /tmp/minio_downloads/transactions_143709273390.parquet -> @transactions stage
[2026-02-10T21:49:22.324+0000] {logging_mixin.py:188} INFO - Uploaded /tmp/minio_downloads/transactions_143709386796.parquet -> @transactions stage
[2026-02-10T21:49:22.530+0000] {logging_mixin.py:188} INFO - Uploaded /tmp/minio_downloads/transactions_143709700039.parquet -> @transactions stage
[2026-02-10T21:49:22.677+0000] {logging_mixin.py:188} INFO - Uploaded /tmp/minio_downloads/transactions_143709850105.parquet -> @transactions stage
[2026-02-10T21:49:22.824+0000] {logging_mixin.py:188} INFO - Uploaded /tmp/minio_downloads/transactions_143709961351.parquet -> @transactions stage
[2026-02-10T21:49:22.984+0000] {logging_mixin.py:188} INFO - Uploaded /tmp/minio_downloads/transactions_143710066714.parquet -> @transactions stage
[2026-02-10T21:49:23.133+0000] {logging_mixin.py:188} INFO - Uploaded /tmp/minio_downloads/transactions_143710176877.parquet -> @transactions stage
[2026-02-10T21:49:23.293+0000] {logging_mixin.py:188} INFO - Uploaded /tmp/minio_downloads/transactions_143710289685.parquet -> @transactions stage
[2026-02-10T21:49:23.441+0000] {logging_mixin.py:188} INFO - Uploaded /tmp/minio_downloads/transactions_143710603674.parquet -> @transactions stage
[2026-02-10T21:49:23.609+0000] {logging_mixin.py:188} INFO - Uploaded /tmp/minio_downloads/transactions_143710904914.parquet -> @transactions stage
[2026-02-10T21:49:23.795+0000] {logging_mixin.py:188} INFO - Uploaded /tmp/minio_downloads/transactions_143711013318.parquet -> @transactions stage
[2026-02-10T21:49:23.936+0000] {logging_mixin.py:188} INFO - Uploaded /tmp/minio_downloads/transactions_143711118428.parquet -> @transactions stage
[2026-02-10T21:49:24.097+0000] {logging_mixin.py:188} INFO - Uploaded /tmp/minio_downloads/transactions_143711231567.parquet -> @transactions stage
[2026-02-10T21:49:24.576+0000] {logging_mixin.py:188} INFO - Uploaded /tmp/minio_downloads/transactions_143711339035.parquet -> @transactions stage
[2026-02-10T21:49:24.746+0000] {logging_mixin.py:188} INFO - Uploaded /tmp/minio_downloads/transactions_143711476817.parquet -> @transactions stage
[2026-02-10T21:49:24.915+0000] {logging_mixin.py:188} INFO - Uploaded /tmp/minio_downloads/transactions_143711781735.parquet -> @transactions stage
[2026-02-10T21:49:25.110+0000] {logging_mixin.py:188} INFO - Uploaded /tmp/minio_downloads/transactions_143711894682.parquet -> @transactions stage
[2026-02-10T21:49:25.288+0000] {logging_mixin.py:188} INFO - Uploaded /tmp/minio_downloads/transactions_143711996621.parquet -> @transactions stage
[2026-02-10T21:49:25.466+0000] {logging_mixin.py:188} INFO - Uploaded /tmp/minio_downloads/transactions_143712104184.parquet -> @transactions stage
[2026-02-10T21:49:25.629+0000] {logging_mixin.py:188} INFO - Uploaded /tmp/minio_downloads/transactions_143712213175.parquet -> @transactions stage
[2026-02-10T21:49:25.785+0000] {logging_mixin.py:188} INFO - Uploaded /tmp/minio_downloads/transactions_143712324021.parquet -> @transactions stage
[2026-02-10T21:49:25.943+0000] {logging_mixin.py:188} INFO - Uploaded /tmp/minio_downloads/transactions_143712626472.parquet -> @transactions stage
[2026-02-10T21:49:26.119+0000] {logging_mixin.py:188} INFO - Uploaded /tmp/minio_downloads/transactions_143712740089.parquet -> @transactions stage
[2026-02-10T21:49:26.282+0000] {logging_mixin.py:188} INFO - Uploaded /tmp/minio_downloads/transactions_143712847679.parquet -> @transactions stage
[2026-02-10T21:49:26.462+0000] {logging_mixin.py:188} INFO - Uploaded /tmp/minio_downloads/transactions_143712936231.parquet -> @transactions stage
[2026-02-10T21:49:26.631+0000] {logging_mixin.py:188} INFO - Uploaded /tmp/minio_downloads/transactions_143713024298.parquet -> @transactions stage
[2026-02-10T21:49:26.809+0000] {logging_mixin.py:188} INFO - Uploaded /tmp/minio_downloads/transactions_143713116859.parquet -> @transactions stage
[2026-02-10T21:49:27.014+0000] {logging_mixin.py:188} INFO - Uploaded /tmp/minio_downloads/transactions_143713482538.parquet -> @transactions stage
[2026-02-10T21:49:27.173+0000] {logging_mixin.py:188} INFO - Uploaded /tmp/minio_downloads/transactions_143713587104.parquet -> @transactions stage
[2026-02-10T21:49:27.334+0000] {logging_mixin.py:188} INFO - Uploaded /tmp/minio_downloads/transactions_143713685493.parquet -> @transactions stage
[2026-02-10T21:49:27.493+0000] {logging_mixin.py:188} INFO - Uploaded /tmp/minio_downloads/transactions_143713784403.parquet -> @transactions stage
[2026-02-10T21:49:27.745+0000] {logging_mixin.py:188} INFO - Uploaded /tmp/minio_downloads/transactions_143713875968.parquet -> @transactions stage
[2026-02-10T21:49:27.934+0000] {logging_mixin.py:188} INFO - Uploaded /tmp/minio_downloads/transactions_143713970445.parquet -> @transactions stage
[2026-02-10T21:49:28.096+0000] {logging_mixin.py:188} INFO - Uploaded /tmp/minio_downloads/transactions_143714072224.parquet -> @transactions stage
[2026-02-10T21:49:28.262+0000] {logging_mixin.py:188} INFO - Uploaded /tmp/minio_downloads/transactions_143714367532.parquet -> @transactions stage
[2026-02-10T21:49:28.412+0000] {logging_mixin.py:188} INFO - Uploaded /tmp/minio_downloads/transactions_143714506327.parquet -> @transactions stage
[2026-02-10T21:49:28.660+0000] {logging_mixin.py:188} INFO - Uploaded /tmp/minio_downloads/transactions_143714611636.parquet -> @transactions stage
[2026-02-10T21:49:28.813+0000] {logging_mixin.py:188} INFO - Uploaded /tmp/minio_downloads/transactions_143714715156.parquet -> @transactions stage
[2026-02-10T21:49:29.187+0000] {logging_mixin.py:188} INFO - Uploaded /tmp/minio_downloads/transactions_143714827013.parquet -> @transactions stage
[2026-02-10T21:49:29.334+0000] {logging_mixin.py:188} INFO - Uploaded /tmp/minio_downloads/transactions_143714931256.parquet -> @transactions stage
[2026-02-10T21:49:29.479+0000] {logging_mixin.py:188} INFO - Uploaded /tmp/minio_downloads/transactions_143715287740.parquet -> @transactions stage
[2026-02-10T21:49:29.635+0000] {logging_mixin.py:188} INFO - Uploaded /tmp/minio_downloads/transactions_143715404870.parquet -> @transactions stage
[2026-02-10T21:49:29.806+0000] {logging_mixin.py:188} INFO - Uploaded /tmp/minio_downloads/transactions_143715501070.parquet -> @transactions stage
[2026-02-10T21:49:29.964+0000] {logging_mixin.py:188} INFO - Uploaded /tmp/minio_downloads/transactions_143715598639.parquet -> @transactions stage
[2026-02-10T21:49:30.124+0000] {logging_mixin.py:188} INFO - Uploaded /tmp/minio_downloads/transactions_143715706974.parquet -> @transactions stage
[2026-02-10T21:49:30.296+0000] {logging_mixin.py:188} INFO - Uploaded /tmp/minio_downloads/transactions_143715805574.parquet -> @transactions stage
[2026-02-10T21:49:30.482+0000] {logging_mixin.py:188} INFO - Uploaded /tmp/minio_downloads/transactions_143715904620.parquet -> @transactions stage
[2026-02-10T21:49:30.640+0000] {logging_mixin.py:188} INFO - Uploaded /tmp/minio_downloads/transactions_143716195611.parquet -> @transactions stage
[2026-02-10T21:49:30.816+0000] {logging_mixin.py:188} INFO - Uploaded /tmp/minio_downloads/transactions_143716312266.parquet -> @transactions stage
[2026-02-10T21:49:30.967+0000] {logging_mixin.py:188} INFO - Uploaded /tmp/minio_downloads/transactions_143716401698.parquet -> @transactions stage
[2026-02-10T21:49:31.113+0000] {logging_mixin.py:188} INFO - Uploaded /tmp/minio_downloads/transactions_143716520021.parquet -> @transactions stage
[2026-02-10T21:49:31.682+0000] {logging_mixin.py:188} INFO - Uploaded /tmp/minio_downloads/transactions_143716628148.parquet -> @transactions stage
[2026-02-10T21:49:31.856+0000] {logging_mixin.py:188} INFO - Uploaded /tmp/minio_downloads/transactions_143716733633.parquet -> @transactions stage
[2026-02-10T21:49:32.026+0000] {logging_mixin.py:188} INFO - Uploaded /tmp/minio_downloads/transactions_143717058097.parquet -> @transactions stage
[2026-02-10T21:49:32.205+0000] {logging_mixin.py:188} INFO - Uploaded /tmp/minio_downloads/transactions_143717207147.parquet -> @transactions stage
[2026-02-10T21:49:32.362+0000] {logging_mixin.py:188} INFO - Uploaded /tmp/minio_downloads/transactions_143717315553.parquet -> @transactions stage
[2026-02-10T21:49:32.531+0000] {logging_mixin.py:188} INFO - Uploaded /tmp/minio_downloads/transactions_143717417521.parquet -> @transactions stage
[2026-02-10T21:49:32.688+0000] {logging_mixin.py:188} INFO - Uploaded /tmp/minio_downloads/transactions_143717522475.parquet -> @transactions stage
[2026-02-10T21:49:32.905+0000] {logging_mixin.py:188} INFO - Uploaded /tmp/minio_downloads/transactions_143717636776.parquet -> @transactions stage
[2026-02-10T21:49:33.058+0000] {logging_mixin.py:188} INFO - Uploaded /tmp/minio_downloads/transactions_143717949316.parquet -> @transactions stage
[2026-02-10T21:49:33.208+0000] {logging_mixin.py:188} INFO - Uploaded /tmp/minio_downloads/transactions_143718060573.parquet -> @transactions stage
[2026-02-10T21:49:33.369+0000] {logging_mixin.py:188} INFO - Uploaded /tmp/minio_downloads/transactions_143718174338.parquet -> @transactions stage
[2026-02-10T21:49:33.518+0000] {logging_mixin.py:188} INFO - Uploaded /tmp/minio_downloads/transactions_143718281882.parquet -> @transactions stage
[2026-02-10T21:49:33.680+0000] {logging_mixin.py:188} INFO - Uploaded /tmp/minio_downloads/transactions_143718391822.parquet -> @transactions stage
[2026-02-10T21:49:33.862+0000] {logging_mixin.py:188} INFO - Uploaded /tmp/minio_downloads/transactions_143718508750.parquet -> @transactions stage
[2026-02-10T21:49:34.020+0000] {logging_mixin.py:188} INFO - Uploaded /tmp/minio_downloads/transactions_143718614533.parquet -> @transactions stage
[2026-02-10T21:49:34.193+0000] {logging_mixin.py:188} INFO - Uploaded /tmp/minio_downloads/transactions_143718938963.parquet -> @transactions stage
[2026-02-10T21:49:34.378+0000] {logging_mixin.py:188} INFO - Uploaded /tmp/minio_downloads/transactions_143719038083.parquet -> @transactions stage
[2026-02-10T21:49:34.521+0000] {logging_mixin.py:188} INFO - Uploaded /tmp/minio_downloads/transactions_143719131535.parquet -> @transactions stage
[2026-02-10T21:49:34.688+0000] {logging_mixin.py:188} INFO - Uploaded /tmp/minio_downloads/transactions_143719231443.parquet -> @transactions stage
[2026-02-10T21:49:34.845+0000] {logging_mixin.py:188} INFO - Uploaded /tmp/minio_downloads/transactions_143719332317.parquet -> @transactions stage
[2026-02-10T21:49:35.014+0000] {logging_mixin.py:188} INFO - Uploaded /tmp/minio_downloads/transactions_143719439826.parquet -> @transactions stage
[2026-02-10T21:49:35.187+0000] {logging_mixin.py:188} INFO - Uploaded /tmp/minio_downloads/transactions_143719781600.parquet -> @transactions stage
[2026-02-10T21:49:35.343+0000] {logging_mixin.py:188} INFO - Uploaded /tmp/minio_downloads/transactions_143719892790.parquet -> @transactions stage
