[0m15:20:51.463729 [debug] [MainThread]: Sending event: {'category': 'dbt', 'action': 'invocation', 'label': 'start', 'context': [<snowplow_tracker.self_describing_json.SelfDescribingJson object at 0x0000020A18DF4C20>, <snowplow_tracker.self_describing_json.SelfDescribingJson object at 0x0000020A16770E10>, <snowplow_tracker.self_describing_json.SelfDescribingJson object at 0x0000020A1A8C7D90>]}


============================== 15:20:51.523728 | 3a438525-72ee-47b2-a6fc-3950826e6ad2 ==============================
[0m15:20:51.523728 [info ] [MainThread]: Running with dbt=1.11.4
[0m15:20:51.524748 [debug] [MainThread]: running dbt with arguments {'version_check': 'True', 'no_print': 'None', 'static_parser': 'True', 'warn_error_options': 'WarnErrorOptionsV2(error=[], warn=[], silence=[])', 'target_path': 'None', 'printer_width': '80', 'write_json': 'True', 'introspect': 'True', 'log_cache_events': 'False', 'empty': 'None', 'cache_selected_only': 'False', 'fail_fast': 'False', 'debug': 'False', 'log_format': 'default', 'profiles_dir': 'C:\\Users\\manoj\\.dbt', 'send_anonymous_usage_stats': 'True', 'quiet': 'False', 'warn_error': 'None', 'partial_parse': 'True', 'use_colors': 'True', 'invocation_command': 'dbt init banking_dbt', 'indirect_selection': 'eager', 'use_experimental_parser': 'False', 'log_path': 'logs'}
[0m15:20:51.598851 [info ] [MainThread]: Creating dbt configuration folder at C:\Users\manoj\.dbt
[0m15:20:51.601020 [info ] [MainThread]: A project called banking_dbt already exists here.
[0m15:20:51.601985 [debug] [MainThread]: Command `dbt init` succeeded at 15:20:51.601857 after 0.41 seconds
[0m15:20:51.602371 [debug] [MainThread]: Sending event: {'category': 'dbt', 'action': 'invocation', 'label': 'end', 'context': [<snowplow_tracker.self_describing_json.SelfDescribingJson object at 0x0000020A1AFA2190>, <snowplow_tracker.self_describing_json.SelfDescribingJson object at 0x0000020A1AF39EB0>, <snowplow_tracker.self_describing_json.SelfDescribingJson object at 0x0000020A1B008160>]}
[0m15:20:51.602736 [debug] [MainThread]: Flushing usage events
[0m15:20:52.322778 [debug] [MainThread]: An error was encountered while trying to flush usage events
[0m15:22:20.416914 [debug] [MainThread]: Sending event: {'category': 'dbt', 'action': 'invocation', 'label': 'start', 'context': [<snowplow_tracker.self_describing_json.SelfDescribingJson object at 0x000001E0C2D92120>, <snowplow_tracker.self_describing_json.SelfDescribingJson object at 0x000001E0C093C050>, <snowplow_tracker.self_describing_json.SelfDescribingJson object at 0x000001E0C387F890>]}


============================== 15:22:20.428609 | d2cfd319-b561-443e-ad1c-427087b4e9b2 ==============================
[0m15:22:20.428609 [info ] [MainThread]: Running with dbt=1.11.4
[0m15:22:20.429383 [debug] [MainThread]: running dbt with arguments {'version_check': 'True', 'no_print': 'None', 'static_parser': 'True', 'target_path': 'None', 'warn_error_options': 'WarnErrorOptionsV2(error=[], warn=[], silence=[])', 'printer_width': '80', 'write_json': 'True', 'empty': 'None', 'log_cache_events': 'False', 'introspect': 'True', 'cache_selected_only': 'False', 'fail_fast': 'False', 'debug': 'False', 'log_format': 'default', 'partial_parse': 'True', 'send_anonymous_usage_stats': 'True', 'quiet': 'False', 'warn_error': 'None', 'profiles_dir': 'C:\\Users\\manoj\\.dbt', 'use_colors': 'True', 'invocation_command': 'dbt init banking_dbt', 'indirect_selection': 'eager', 'use_experimental_parser': 'False', 'log_path': 'logs'}
[0m15:22:20.467042 [debug] [MainThread]: Starter project path: D:\Code\Data Engineering Tutorial\SNOWFLAKE-DBT-Tutorial\banking-modern-datastack\.venv\Lib\site-packages\dbt\include\starter_project
[0m15:22:20.508960 [info ] [MainThread]: 
Your new dbt project "banking_dbt" was created!

For more information on how to configure the profiles.yml file,
please consult the dbt documentation here:

  https://docs.getdbt.com/docs/configure-your-profile

One more thing:

Need help? Don't hesitate to reach out to us via GitHub issues or on Slack:

  https://community.getdbt.com/

Happy modeling!

[0m15:22:20.509657 [info ] [MainThread]: Setting up your profile.
[0m15:22:30.845073 [debug] [MainThread]: Snowflake adapter: Setting snowflake.connector to ERROR (file logging only)
[0m15:22:30.845620 [debug] [MainThread]: Snowflake adapter: Setting botocore to ERROR (file logging only)
[0m15:22:30.846018 [debug] [MainThread]: Snowflake adapter: Setting boto3 to ERROR (file logging only)
[0m15:25:30.571925 [info ] [MainThread]: Profile banking_dbt written to C:\Users\manoj\.dbt\profiles.yml using target's profile_template.yml and your supplied values. Run 'dbt debug' to validate the connection.
[0m15:25:30.574221 [debug] [MainThread]: Command `dbt init` succeeded at 15:25:30.573988 after 190.35 seconds
[0m15:25:30.574778 [debug] [MainThread]: Sending event: {'category': 'dbt', 'action': 'invocation', 'label': 'end', 'context': [<snowplow_tracker.self_describing_json.SelfDescribingJson object at 0x000001E0E7FD2780>, <snowplow_tracker.self_describing_json.SelfDescribingJson object at 0x000001E0E7FDA690>, <snowplow_tracker.self_describing_json.SelfDescribingJson object at 0x000001E0E7FFE140>]}
[0m15:25:30.575324 [debug] [MainThread]: Flushing usage events
[0m15:25:31.137711 [debug] [MainThread]: An error was encountered while trying to flush usage events
[0m15:25:43.592535 [debug] [MainThread]: Sending event: {'category': 'dbt', 'action': 'invocation', 'label': 'start', 'context': [<snowplow_tracker.self_describing_json.SelfDescribingJson object at 0x00000193FD102120>, <snowplow_tracker.self_describing_json.SelfDescribingJson object at 0x00000193FACAC050>, <snowplow_tracker.self_describing_json.SelfDescribingJson object at 0x00000193FDBEF890>]}


============================== 15:25:43.604397 | a7ca7bc7-aee7-48aa-90bd-d02eee146181 ==============================
[0m15:25:43.604397 [info ] [MainThread]: Running with dbt=1.11.4
[0m15:25:43.605333 [debug] [MainThread]: running dbt with arguments {'version_check': 'True', 'no_print': 'None', 'static_parser': 'True', 'target_path': 'None', 'warn_error_options': 'WarnErrorOptionsV2(error=[], warn=[], silence=[])', 'printer_width': '80', 'write_json': 'True', 'introspect': 'True', 'log_cache_events': 'False', 'empty': 'None', 'cache_selected_only': 'False', 'log_format': 'default', 'debug': 'False', 'fail_fast': 'False', 'partial_parse': 'True', 'send_anonymous_usage_stats': 'True', 'quiet': 'False', 'warn_error': 'None', 'profiles_dir': 'C:\\Users\\manoj\\.dbt', 'invocation_command': 'dbt debug', 'indirect_selection': 'eager', 'use_colors': 'True', 'use_experimental_parser': 'False', 'log_path': 'logs'}
[0m15:25:43.636473 [info ] [MainThread]: dbt version: 1.11.4
[0m15:25:43.637196 [info ] [MainThread]: python version: 3.13.1
[0m15:25:43.637724 [info ] [MainThread]: python path: D:\Code\Data Engineering Tutorial\SNOWFLAKE-DBT-Tutorial\banking-modern-datastack\.venv\Scripts\python.exe
[0m15:25:43.638189 [info ] [MainThread]: os info: Windows-11-10.0.26300-SP0
[0m15:25:44.736592 [debug] [MainThread]: Snowflake adapter: Setting snowflake.connector to ERROR (file logging only)
[0m15:25:44.737110 [debug] [MainThread]: Snowflake adapter: Setting botocore to ERROR (file logging only)
[0m15:25:44.737457 [debug] [MainThread]: Snowflake adapter: Setting boto3 to ERROR (file logging only)
[0m15:25:44.813448 [info ] [MainThread]: Using profiles dir at C:\Users\manoj\.dbt
[0m15:25:44.814367 [info ] [MainThread]: Using profiles.yml file at C:\Users\manoj\.dbt\profiles.yml
[0m15:25:44.814940 [info ] [MainThread]: Using dbt_project.yml file at D:\Code\Data Engineering Tutorial\SNOWFLAKE-DBT-Tutorial\banking-modern-datastack\dbt_project.yml
[0m15:25:44.817025 [info ] [MainThread]: adapter type: snowflake
[0m15:25:44.818000 [info ] [MainThread]: adapter version: 1.11.1
[0m15:25:44.818679 [info ] [MainThread]: Configuration:
[0m15:25:44.819182 [info ] [MainThread]:   profiles.yml file [[32mOK found and valid[0m]
[0m15:25:44.819831 [info ] [MainThread]:   dbt_project.yml file [[31mERROR not found[0m]
[0m15:25:44.820409 [info ] [MainThread]: Required dependencies:
[0m15:25:44.820959 [debug] [MainThread]: Executing "git --help"
[0m15:25:44.876228 [debug] [MainThread]: STDOUT: "b"usage: git [-v | --version] [-h | --help] [-C <path>] [-c <name>=<value>]\n           [--exec-path[=<path>]] [--html-path] [--man-path] [--info-path]\n           [-p | --paginate | -P | --no-pager] [--no-replace-objects] [--no-lazy-fetch]\n           [--no-optional-locks] [--no-advice] [--bare] [--git-dir=<path>]\n           [--work-tree=<path>] [--namespace=<name>] [--config-env=<name>=<envvar>]\n           <command> [<args>]\n\nThese are common Git commands used in various situations:\n\nstart a working area (see also: git help tutorial)\n   clone      Clone a repository into a new directory\n   init       Create an empty Git repository or reinitialize an existing one\n\nwork on the current change (see also: git help everyday)\n   add        Add file contents to the index\n   mv         Move or rename a file, a directory, or a symlink\n   restore    Restore working tree files\n   rm         Remove files from the working tree and from the index\n\nexamine the history and state (see also: git help revisions)\n   bisect     Use binary search to find the commit that introduced a bug\n   diff       Show changes between commits, commit and working tree, etc\n   grep       Print lines matching a pattern\n   log        Show commit logs\n   show       Show various types of objects\n   status     Show the working tree status\n\ngrow, mark and tweak your common history\n   backfill   Download missing objects in a partial clone\n   branch     List, create, or delete branches\n   commit     Record changes to the repository\n   merge      Join two or more development histories together\n   rebase     Reapply commits on top of another base tip\n   reset      Reset current HEAD to the specified state\n   switch     Switch branches\n   tag        Create, list, delete or verify a tag object signed with GPG\n\ncollaborate (see also: git help workflows)\n   fetch      Download objects and refs from another repository\n   pull       Fetch from and integrate with another repository or a local branch\n   push       Update remote refs along with associated objects\n\n'git help -a' and 'git help -g' list available subcommands and some\nconcept guides. See 'git help <command>' or 'git help <concept>'\nto read about a specific subcommand or concept.\nSee 'git help git' for an overview of the system.\n""
[0m15:25:44.876766 [debug] [MainThread]: STDERR: "b''"
[0m15:25:44.877190 [info ] [MainThread]:  - git [[32mOK found[0m]

[0m15:25:44.877743 [info ] [MainThread]: Connection:
[0m15:25:44.878208 [info ] [MainThread]:   account: nec22435.us-east-1
[0m15:25:44.878570 [info ] [MainThread]:   user: manojSowdari
[0m15:25:44.878891 [info ] [MainThread]:   database: banking
[0m15:25:44.879230 [info ] [MainThread]:   warehouse: COMPUTE_WH
[0m15:25:44.879667 [info ] [MainThread]:   role: accountadmin
[0m15:25:44.880076 [info ] [MainThread]:   schema: analytics
[0m15:25:44.880426 [info ] [MainThread]:   authenticator: None
[0m15:25:44.880728 [info ] [MainThread]:   oauth_client_id: None
[0m15:25:44.881029 [info ] [MainThread]:   query_tag: None
[0m15:25:44.881431 [info ] [MainThread]:   client_session_keep_alive: False
[0m15:25:44.881824 [info ] [MainThread]:   host: None
[0m15:25:44.882159 [info ] [MainThread]:   port: None
[0m15:25:44.882543 [info ] [MainThread]:   proxy_host: None
[0m15:25:44.883082 [info ] [MainThread]:   proxy_port: None
[0m15:25:44.883905 [info ] [MainThread]:   protocol: None
[0m15:25:44.884536 [info ] [MainThread]:   connect_retries: 1
[0m15:25:44.885021 [info ] [MainThread]:   connect_timeout: None
[0m15:25:44.885661 [info ] [MainThread]:   retry_on_database_errors: False
[0m15:25:44.886135 [info ] [MainThread]:   retry_all: False
[0m15:25:44.886746 [info ] [MainThread]:   insecure_mode: False
[0m15:25:44.887220 [info ] [MainThread]:   reuse_connections: True
[0m15:25:44.887824 [info ] [MainThread]:   s3_stage_vpce_dns_name: None
[0m15:25:44.888589 [info ] [MainThread]:   platform_detection_timeout_seconds: 0.0
[0m15:25:44.889392 [info ] [MainThread]: Registered adapter: snowflake=1.11.1
[0m15:25:45.253980 [debug] [MainThread]: Acquiring new snowflake connection 'debug'
[0m15:25:53.471163 [debug] [MainThread]: Using snowflake connection "debug"
[0m15:25:53.471634 [debug] [MainThread]: On debug: select 1 as id
[0m15:25:53.471920 [debug] [MainThread]: Opening a new connection, currently in state init
[0m15:25:54.770566 [debug] [MainThread]: SQL status: SUCCESS 1 in 1.299 seconds
[0m15:25:54.771585 [info ] [MainThread]:   Connection test: [[32mOK connection ok[0m]

[0m15:25:54.772300 [info ] [MainThread]: [31m1 check failed:[0m
[0m15:25:54.772807 [info ] [MainThread]: Project loading failed for the following reason:
 project path <D:\Code\Data Engineering Tutorial\SNOWFLAKE-DBT-Tutorial\banking-modern-datastack\dbt_project.yml> not found

[0m15:25:54.774576 [debug] [MainThread]: Command `dbt debug` failed at 15:25:54.774179 after 11.43 seconds
[0m15:25:54.774960 [debug] [MainThread]: Connection 'debug' was left open.
[0m15:25:54.775265 [debug] [MainThread]: On debug: Close
[0m15:25:54.905935 [debug] [MainThread]: Sending event: {'category': 'dbt', 'action': 'invocation', 'label': 'end', 'context': [<snowplow_tracker.self_describing_json.SelfDescribingJson object at 0x00000193A24A2D70>, <snowplow_tracker.self_describing_json.SelfDescribingJson object at 0x00000193A2944170>, <snowplow_tracker.self_describing_json.SelfDescribingJson object at 0x00000193A23FAAD0>]}
[0m15:25:54.907950 [debug] [MainThread]: Flushing usage events
[0m15:25:55.488992 [debug] [MainThread]: An error was encountered while trying to flush usage events
[0m16:26:30.499616 [debug] [MainThread]: Sending event: {'category': 'dbt', 'action': 'invocation', 'label': 'start', 'context': [<snowplow_tracker.self_describing_json.SelfDescribingJson object at 0x000001D0D65F2120>, <snowplow_tracker.self_describing_json.SelfDescribingJson object at 0x000001D0D419C050>, <snowplow_tracker.self_describing_json.SelfDescribingJson object at 0x000001D0D70DF890>]}


============================== 16:26:30.515345 | e69c23d7-6350-4d69-8dad-c3631719a4d1 ==============================
[0m16:26:30.515345 [info ] [MainThread]: Running with dbt=1.11.4
[0m16:26:30.516228 [debug] [MainThread]: running dbt with arguments {'static_parser': 'True', 'no_print': 'None', 'version_check': 'True', 'target_path': 'None', 'warn_error_options': 'WarnErrorOptionsV2(error=[], warn=[], silence=[])', 'printer_width': '80', 'write_json': 'True', 'introspect': 'True', 'log_cache_events': 'False', 'empty': 'False', 'cache_selected_only': 'False', 'log_format': 'default', 'debug': 'False', 'fail_fast': 'False', 'profiles_dir': 'C:\\Users\\manoj\\.dbt', 'send_anonymous_usage_stats': 'True', 'quiet': 'False', 'warn_error': 'None', 'partial_parse': 'True', 'use_colors': 'True', 'invocation_command': 'dbt snapshot', 'indirect_selection': 'eager', 'use_experimental_parser': 'False', 'log_path': 'logs'}
[0m16:26:30.516775 [error] [MainThread]: Encountered an error:
Runtime Error
  No dbt_project.yml found at expected path D:\Code\Data Engineering Tutorial\SNOWFLAKE-DBT-Tutorial\banking-modern-datastack\dbt_project.yml
  Verify that each entry within packages.yml (and their transitive dependencies) contains a file named dbt_project.yml
  
[0m16:26:30.517893 [debug] [MainThread]: Command `dbt snapshot` failed at 16:26:30.517714 after 0.23 seconds
[0m16:26:30.518441 [debug] [MainThread]: Sending event: {'category': 'dbt', 'action': 'invocation', 'label': 'end', 'context': [<snowplow_tracker.self_describing_json.SelfDescribingJson object at 0x000001D0D77A7A80>, <snowplow_tracker.self_describing_json.SelfDescribingJson object at 0x000001D0D87F0710>, <snowplow_tracker.self_describing_json.SelfDescribingJson object at 0x000001D0D777CC00>]}
[0m16:26:30.519028 [debug] [MainThread]: Flushing usage events
[0m16:26:31.253573 [debug] [MainThread]: An error was encountered while trying to flush usage events
[0m16:26:35.510729 [debug] [MainThread]: Sending event: {'category': 'dbt', 'action': 'invocation', 'label': 'start', 'context': [<snowplow_tracker.self_describing_json.SelfDescribingJson object at 0x000001D88CC72120>, <snowplow_tracker.self_describing_json.SelfDescribingJson object at 0x000001D88A7FC050>, <snowplow_tracker.self_describing_json.SelfDescribingJson object at 0x000001D88D73F890>]}


============================== 16:26:35.519409 | cca0893f-16b7-4fb0-a05c-2e1289f65d02 ==============================
[0m16:26:35.519409 [info ] [MainThread]: Running with dbt=1.11.4
[0m16:26:35.520131 [debug] [MainThread]: running dbt with arguments {'version_check': 'True', 'no_print': 'None', 'static_parser': 'True', 'target_path': 'None', 'warn_error_options': 'WarnErrorOptionsV2(error=[], warn=[], silence=[])', 'printer_width': '80', 'write_json': 'True', 'empty': 'False', 'log_cache_events': 'False', 'introspect': 'True', 'cache_selected_only': 'False', 'log_format': 'default', 'debug': 'False', 'fail_fast': 'False', 'partial_parse': 'True', 'send_anonymous_usage_stats': 'True', 'quiet': 'False', 'warn_error': 'None', 'profiles_dir': 'C:\\Users\\manoj\\.dbt', 'use_colors': 'True', 'indirect_selection': 'eager', 'invocation_command': 'dbt run --select marts', 'use_experimental_parser': 'False', 'log_path': 'logs'}
[0m16:26:35.520650 [error] [MainThread]: Encountered an error:
Runtime Error
  No dbt_project.yml found at expected path D:\Code\Data Engineering Tutorial\SNOWFLAKE-DBT-Tutorial\banking-modern-datastack\dbt_project.yml
  Verify that each entry within packages.yml (and their transitive dependencies) contains a file named dbt_project.yml
  
[0m16:26:35.521596 [debug] [MainThread]: Command `dbt run` failed at 16:26:35.521473 after 0.18 seconds
[0m16:26:35.521943 [debug] [MainThread]: Sending event: {'category': 'dbt', 'action': 'invocation', 'label': 'end', 'context': [<snowplow_tracker.self_describing_json.SelfDescribingJson object at 0x000001D88DE07A80>, <snowplow_tracker.self_describing_json.SelfDescribingJson object at 0x000001D88EE50710>, <snowplow_tracker.self_describing_json.SelfDescribingJson object at 0x000001D88DDDCC00>]}
[0m16:26:35.522279 [debug] [MainThread]: Flushing usage events
[0m16:26:36.131717 [debug] [MainThread]: An error was encountered while trying to flush usage events
