[2026-02-10T21:40:31.334+0000] {local_task_job_runner.py:120} INFO - ::group::Pre task execution logs
[2026-02-10T21:40:31.368+0000] {taskinstance.py:2076} INFO - Dependencies all met for dep_context=non-requeueable deps ti=<TaskInstance: SCD2_snapshots.dbt_snapshot scheduled__2026-02-09T00:00:00+00:00 [queued]>
[2026-02-10T21:40:31.386+0000] {taskinstance.py:2076} INFO - Dependencies all met for dep_context=requeueable deps ti=<TaskInstance: SCD2_snapshots.dbt_snapshot scheduled__2026-02-09T00:00:00+00:00 [queued]>
[2026-02-10T21:40:31.387+0000] {taskinstance.py:2306} INFO - Starting attempt 1 of 2
[2026-02-10T21:40:31.414+0000] {taskinstance.py:2330} INFO - Executing <Task(BashOperator): dbt_snapshot> on 2026-02-09 00:00:00+00:00
[2026-02-10T21:40:31.421+0000] {standard_task_runner.py:64} INFO - Started process 79832 to run task
[2026-02-10T21:40:31.423+0000] {standard_task_runner.py:90} INFO - Running: ['***', 'tasks', 'run', 'SCD2_snapshots', 'dbt_snapshot', 'scheduled__2026-02-09T00:00:00+00:00', '--job-id', '74', '--raw', '--subdir', 'DAGS_FOLDER/scd_snapshots.py', '--cfg-path', '/tmp/tmpto84phgz']
[2026-02-10T21:40:31.428+0000] {standard_task_runner.py:91} INFO - Job 74: Subtask dbt_snapshot
[2026-02-10T21:40:31.549+0000] {task_command.py:426} INFO - Running <TaskInstance: SCD2_snapshots.dbt_snapshot scheduled__2026-02-09T00:00:00+00:00 [running]> on host f0a140ed2a8b
[2026-02-10T21:40:31.650+0000] {taskinstance.py:2648} INFO - Exporting env vars: AIRFLOW_CTX_DAG_OWNER='***' AIRFLOW_CTX_DAG_ID='SCD2_snapshots' AIRFLOW_CTX_TASK_ID='dbt_snapshot' AIRFLOW_CTX_EXECUTION_DATE='2026-02-09T00:00:00+00:00' AIRFLOW_CTX_TRY_NUMBER='1' AIRFLOW_CTX_DAG_RUN_ID='scheduled__2026-02-09T00:00:00+00:00'
[2026-02-10T21:40:31.651+0000] {taskinstance.py:430} INFO - ::endgroup::
[2026-02-10T21:40:31.665+0000] {subprocess.py:63} INFO - Tmp dir root location: /tmp
[2026-02-10T21:40:31.666+0000] {subprocess.py:75} INFO - Running command: ['/usr/bin/bash', '-c', 'cd /opt/***/banking_dbt && dbt snapshot --profiles-dir /home/***/.dbt']
[2026-02-10T21:40:31.675+0000] {subprocess.py:86} INFO - Output:
[2026-02-10T21:40:34.031+0000] {subprocess.py:93} INFO - [0m21:40:34  Running with dbt=1.11.3
[2026-02-10T21:40:35.024+0000] {subprocess.py:93} INFO - [0m21:40:35  Registered adapter: snowflake=1.11.1
[2026-02-10T21:40:36.311+0000] {subprocess.py:93} INFO - [0m21:40:36  Found 5 models, 2 snapshots, 3 sources, 522 macros
[2026-02-10T21:40:36.321+0000] {subprocess.py:93} INFO - [0m21:40:36
[2026-02-10T21:40:36.327+0000] {subprocess.py:93} INFO - [0m21:40:36  Concurrency: 4 threads (target='dev')
[2026-02-10T21:40:36.331+0000] {subprocess.py:93} INFO - [0m21:40:36
[2026-02-10T21:40:38.104+0000] {subprocess.py:93} INFO - [0m21:40:38  1 of 2 START snapshot ANALYTICS.accounts_snapshot .............................. [RUN]
[2026-02-10T21:40:38.108+0000] {subprocess.py:93} INFO - [0m21:40:38  2 of 2 START snapshot ANALYTICS.customers_snapshot ............................. [RUN]
[2026-02-10T21:40:41.520+0000] {subprocess.py:93} INFO - [0m21:40:41  2 of 2 OK snapshotted ANALYTICS.customers_snapshot ............................. [[32mSUCCESS 0[0m in 3.40s]
[2026-02-10T21:40:41.753+0000] {subprocess.py:93} INFO - [0m21:40:41  1 of 2 OK snapshotted ANALYTICS.accounts_snapshot .............................. [[32mSUCCESS 0[0m in 3.63s]
[2026-02-10T21:40:42.073+0000] {subprocess.py:93} INFO - [0m21:40:42
[2026-02-10T21:40:42.077+0000] {subprocess.py:93} INFO - [0m21:40:42  Finished running 2 snapshots in 0 hours 0 minutes and 5.74 seconds (5.74s).
[2026-02-10T21:40:42.270+0000] {subprocess.py:93} INFO - [0m21:40:42
[2026-02-10T21:40:42.275+0000] {subprocess.py:93} INFO - [0m21:40:42  [32mCompleted successfully[0m
[2026-02-10T21:40:42.279+0000] {subprocess.py:93} INFO - [0m21:40:42
[2026-02-10T21:40:42.284+0000] {subprocess.py:93} INFO - [0m21:40:42  Done. PASS=2 WARN=0 ERROR=0 SKIP=0 NO-OP=0 TOTAL=2
[2026-02-10T21:40:43.311+0000] {subprocess.py:97} INFO - Command exited with return code 0
[2026-02-10T21:40:43.312+0000] {taskinstance.py:441} INFO - ::group::Post task execution logs
[2026-02-10T21:40:43.339+0000] {taskinstance.py:1206} INFO - Marking task as SUCCESS. dag_id=SCD2_snapshots, task_id=dbt_snapshot, run_id=scheduled__2026-02-09T00:00:00+00:00, execution_date=20260209T000000, start_date=20260210T214031, end_date=20260210T214043
[2026-02-10T21:40:43.355+0000] {local_task_job_runner.py:243} INFO - Task exited with return code 0
[2026-02-10T21:40:43.374+0000] {taskinstance.py:3503} INFO - 0 downstream tasks scheduled from follow-on schedule check
[2026-02-10T21:40:43.377+0000] {local_task_job_runner.py:222} INFO - ::endgroup::
[2026-02-10T21:43:57.580+0000] {local_task_job_runner.py:120} INFO - ::group::Pre task execution logs
[2026-02-10T21:43:57.610+0000] {taskinstance.py:2076} INFO - Dependencies all met for dep_context=non-requeueable deps ti=<TaskInstance: SCD2_snapshots.dbt_snapshot scheduled__2026-02-09T00:00:00+00:00 [queued]>
[2026-02-10T21:43:57.617+0000] {taskinstance.py:2076} INFO - Dependencies all met for dep_context=requeueable deps ti=<TaskInstance: SCD2_snapshots.dbt_snapshot scheduled__2026-02-09T00:00:00+00:00 [queued]>
[2026-02-10T21:43:57.618+0000] {taskinstance.py:2306} INFO - Starting attempt 1 of 2
[2026-02-10T21:43:57.629+0000] {taskinstance.py:2330} INFO - Executing <Task(BashOperator): dbt_snapshot> on 2026-02-09 00:00:00+00:00
[2026-02-10T21:43:57.636+0000] {standard_task_runner.py:64} INFO - Started process 82240 to run task
[2026-02-10T21:43:57.639+0000] {standard_task_runner.py:90} INFO - Running: ['***', 'tasks', 'run', 'SCD2_snapshots', 'dbt_snapshot', 'scheduled__2026-02-09T00:00:00+00:00', '--job-id', '78', '--raw', '--subdir', 'DAGS_FOLDER/scd_snapshots.py', '--cfg-path', '/tmp/tmpag_cddar']
[2026-02-10T21:43:57.642+0000] {standard_task_runner.py:91} INFO - Job 78: Subtask dbt_snapshot
[2026-02-10T21:43:57.719+0000] {task_command.py:426} INFO - Running <TaskInstance: SCD2_snapshots.dbt_snapshot scheduled__2026-02-09T00:00:00+00:00 [running]> on host f0a140ed2a8b
[2026-02-10T21:43:57.819+0000] {taskinstance.py:2648} INFO - Exporting env vars: AIRFLOW_CTX_DAG_OWNER='***' AIRFLOW_CTX_DAG_ID='SCD2_snapshots' AIRFLOW_CTX_TASK_ID='dbt_snapshot' AIRFLOW_CTX_EXECUTION_DATE='2026-02-09T00:00:00+00:00' AIRFLOW_CTX_TRY_NUMBER='1' AIRFLOW_CTX_DAG_RUN_ID='scheduled__2026-02-09T00:00:00+00:00'
[2026-02-10T21:43:57.820+0000] {taskinstance.py:430} INFO - ::endgroup::
[2026-02-10T21:43:57.833+0000] {subprocess.py:63} INFO - Tmp dir root location: /tmp
[2026-02-10T21:43:57.834+0000] {subprocess.py:75} INFO - Running command: ['/usr/bin/bash', '-c', 'cd /opt/***/banking_dbt && dbt snapshot --profiles-dir /home/***/.dbt']
[2026-02-10T21:43:57.842+0000] {subprocess.py:86} INFO - Output:
[2026-02-10T21:44:00.082+0000] {subprocess.py:93} INFO - [0m21:44:00  Running with dbt=1.11.3
[2026-02-10T21:44:01.033+0000] {subprocess.py:93} INFO - [0m21:44:01  Registered adapter: snowflake=1.11.1
[2026-02-10T21:44:02.021+0000] {subprocess.py:93} INFO - [0m21:44:02  Found 5 models, 2 snapshots, 3 sources, 522 macros
[2026-02-10T21:44:02.030+0000] {subprocess.py:93} INFO - [0m21:44:02
[2026-02-10T21:44:02.032+0000] {subprocess.py:93} INFO - [0m21:44:02  Concurrency: 4 threads (target='dev')
[2026-02-10T21:44:02.035+0000] {subprocess.py:93} INFO - [0m21:44:02
[2026-02-10T21:44:03.599+0000] {subprocess.py:93} INFO - [0m21:44:03  1 of 2 START snapshot ANALYTICS.accounts_snapshot .............................. [RUN]
[2026-02-10T21:44:03.602+0000] {subprocess.py:93} INFO - [0m21:44:03  2 of 2 START snapshot ANALYTICS.customers_snapshot ............................. [RUN]
[2026-02-10T21:44:07.004+0000] {subprocess.py:93} INFO - [0m21:44:07  2 of 2 OK snapshotted ANALYTICS.customers_snapshot ............................. [[32mSUCCESS 0[0m in 3.39s]
[2026-02-10T21:44:07.008+0000] {subprocess.py:93} INFO - [0m21:44:07  1 of 2 OK snapshotted ANALYTICS.accounts_snapshot .............................. [[32mSUCCESS 0[0m in 3.39s]
[2026-02-10T21:44:07.329+0000] {subprocess.py:93} INFO - [0m21:44:07
[2026-02-10T21:44:07.334+0000] {subprocess.py:93} INFO - [0m21:44:07  Finished running 2 snapshots in 0 hours 0 minutes and 5.29 seconds (5.29s).
[2026-02-10T21:44:07.462+0000] {subprocess.py:93} INFO - [0m21:44:07
[2026-02-10T21:44:07.465+0000] {subprocess.py:93} INFO - [0m21:44:07  [32mCompleted successfully[0m
[2026-02-10T21:44:07.468+0000] {subprocess.py:93} INFO - [0m21:44:07
[2026-02-10T21:44:07.471+0000] {subprocess.py:93} INFO - [0m21:44:07  Done. PASS=2 WARN=0 ERROR=0 SKIP=0 NO-OP=0 TOTAL=2
[2026-02-10T21:44:08.113+0000] {subprocess.py:97} INFO - Command exited with return code 0
[2026-02-10T21:44:08.114+0000] {taskinstance.py:441} INFO - ::group::Post task execution logs
[2026-02-10T21:44:08.140+0000] {taskinstance.py:1206} INFO - Marking task as SUCCESS. dag_id=SCD2_snapshots, task_id=dbt_snapshot, run_id=scheduled__2026-02-09T00:00:00+00:00, execution_date=20260209T000000, start_date=20260210T214357, end_date=20260210T214408
[2026-02-10T21:44:08.173+0000] {local_task_job_runner.py:243} INFO - Task exited with return code 0
[2026-02-10T21:44:08.194+0000] {taskinstance.py:3503} INFO - 0 downstream tasks scheduled from follow-on schedule check
[2026-02-10T21:44:08.196+0000] {local_task_job_runner.py:222} INFO - ::endgroup::
